mode: set
github.com/maiko/sdbx/internal/config/config.go:85.30,113.2 1 1
github.com/maiko/sdbx/internal/config/config.go:119.35,121.20 1 1
github.com/maiko/sdbx/internal/config/config.go:121.20,123.3 1 1
github.com/maiko/sdbx/internal/config/config.go:126.2,126.40 1 1
github.com/maiko/sdbx/internal/config/config.go:126.40,128.3 1 1
github.com/maiko/sdbx/internal/config/config.go:131.2,131.22 1 1
github.com/maiko/sdbx/internal/config/config.go:131.22,133.3 1 0
github.com/maiko/sdbx/internal/config/config.go:136.2,137.48 2 1
github.com/maiko/sdbx/internal/config/config.go:137.48,140.3 1 1
github.com/maiko/sdbx/internal/config/config.go:143.2,144.59 2 1
github.com/maiko/sdbx/internal/config/config.go:144.59,147.3 1 1
github.com/maiko/sdbx/internal/config/config.go:150.2,150.64 1 1
github.com/maiko/sdbx/internal/config/config.go:150.64,153.3 1 1
github.com/maiko/sdbx/internal/config/config.go:156.2,156.41 1 1
github.com/maiko/sdbx/internal/config/config.go:156.41,159.3 1 1
github.com/maiko/sdbx/internal/config/config.go:162.2,162.24 1 1
github.com/maiko/sdbx/internal/config/config.go:162.24,164.3 1 0
github.com/maiko/sdbx/internal/config/config.go:165.2,165.23 1 1
github.com/maiko/sdbx/internal/config/config.go:165.23,167.3 1 0
github.com/maiko/sdbx/internal/config/config.go:168.2,168.27 1 1
github.com/maiko/sdbx/internal/config/config.go:168.27,170.3 1 0
github.com/maiko/sdbx/internal/config/config.go:173.2,173.34 1 1
github.com/maiko/sdbx/internal/config/config.go:173.34,175.3 1 1
github.com/maiko/sdbx/internal/config/config.go:176.2,176.34 1 1
github.com/maiko/sdbx/internal/config/config.go:176.34,178.3 1 1
github.com/maiko/sdbx/internal/config/config.go:180.2,180.12 1 1
github.com/maiko/sdbx/internal/config/config.go:184.48,185.29 1 1
github.com/maiko/sdbx/internal/config/config.go:185.29,186.18 1 1
github.com/maiko/sdbx/internal/config/config.go:186.18,188.4 1 1
github.com/maiko/sdbx/internal/config/config.go:190.2,190.14 1 1
github.com/maiko/sdbx/internal/config/config.go:194.30,216.45 18 0
github.com/maiko/sdbx/internal/config/config.go:216.45,218.56 1 0
github.com/maiko/sdbx/internal/config/config.go:218.56,220.4 1 0
github.com/maiko/sdbx/internal/config/config.go:224.2,224.45 1 0
github.com/maiko/sdbx/internal/config/config.go:224.45,226.3 1 0
github.com/maiko/sdbx/internal/config/config.go:229.2,229.51 1 0
github.com/maiko/sdbx/internal/config/config.go:229.51,231.3 1 0
github.com/maiko/sdbx/internal/config/config.go:234.2,234.25 1 0
github.com/maiko/sdbx/internal/config/config.go:234.25,236.3 1 0
github.com/maiko/sdbx/internal/config/config.go:238.2,238.17 1 0
github.com/maiko/sdbx/internal/config/config.go:242.42,259.25 16 0
github.com/maiko/sdbx/internal/config/config.go:259.25,261.3 1 0
github.com/maiko/sdbx/internal/config/config.go:263.2,263.34 1 0
github.com/maiko/sdbx/internal/config/config.go:267.35,270.16 2 1
github.com/maiko/sdbx/internal/config/config.go:270.16,272.3 1 0
github.com/maiko/sdbx/internal/config/config.go:274.2,276.6 2 1
github.com/maiko/sdbx/internal/config/config.go:276.6,277.70 1 1
github.com/maiko/sdbx/internal/config/config.go:277.70,279.4 1 1
github.com/maiko/sdbx/internal/config/config.go:280.3,280.72 1 1
github.com/maiko/sdbx/internal/config/config.go:280.72,282.4 1 0
github.com/maiko/sdbx/internal/config/config.go:284.3,285.20 2 1
github.com/maiko/sdbx/internal/config/config.go:285.20,286.9 1 1
github.com/maiko/sdbx/internal/config/config.go:288.3,288.15 1 1
github.com/maiko/sdbx/internal/config/config.go:291.2,291.56 1 1
github.com/maiko/sdbx/internal/config/config.go:295.35,297.2 1 1
github.com/maiko/sdbx/internal/config/config.go:300.52,301.29 1 1
github.com/maiko/sdbx/internal/config/config.go:301.29,302.17 1 1
github.com/maiko/sdbx/internal/config/config.go:302.17,304.4 1 1
github.com/maiko/sdbx/internal/config/config.go:306.2,306.14 1 1
github.com/maiko/sdbx/internal/config/config.go:310.44,311.30 1 1
github.com/maiko/sdbx/internal/config/config.go:311.30,313.3 1 1
github.com/maiko/sdbx/internal/config/config.go:317.45,319.29 2 1
github.com/maiko/sdbx/internal/config/config.go:319.29,320.17 1 1
github.com/maiko/sdbx/internal/config/config.go:320.17,322.4 1 1
github.com/maiko/sdbx/internal/config/config.go:324.2,324.22 1 1
github.com/maiko/sdbx/internal/config/config.go:329.67,330.71 1 0
github.com/maiko/sdbx/internal/config/config.go:330.71,332.3 1 0
github.com/maiko/sdbx/internal/config/config.go:333.2,333.27 1 0
github.com/maiko/sdbx/internal/config/config.go:339.61,340.73 1 0
github.com/maiko/sdbx/internal/config/config.go:340.73,342.3 1 0
github.com/maiko/sdbx/internal/config/config.go:343.2,343.16 1 0
github.com/maiko/sdbx/internal/config/config.go:348.56,349.68 1 0
github.com/maiko/sdbx/internal/config/config.go:349.68,351.3 1 0
github.com/maiko/sdbx/internal/config/config.go:352.2,352.22 1 0
github.com/maiko/sdbx/internal/config/config.go:356.55,359.29 2 0
github.com/maiko/sdbx/internal/config/config.go:359.29,362.3 2 0
github.com/maiko/sdbx/internal/config/config.go:365.2,366.32 2 0
github.com/maiko/sdbx/internal/config/config.go:366.32,368.3 1 0
github.com/maiko/sdbx/internal/config/config.go:369.2,369.52 1 0
github.com/maiko/sdbx/internal/config/config.go:373.53,375.2 1 0
github.com/maiko/sdbx/internal/config/config.go:378.34,380.2 1 0
github.com/maiko/sdbx/internal/config/config.go:383.39,385.2 1 0
github.com/maiko/sdbx/internal/config/config.go:388.35,390.2 1 0
github.com/maiko/sdbx/internal/config/errors.go:11.42,13.2 1 1
github.com/maiko/sdbx/internal/config/errors.go:16.65,21.2 1 1
github.com/maiko/sdbx/internal/config/errors.go:28.47,30.2 1 0
github.com/maiko/sdbx/internal/config/errors.go:33.45,36.2 2 1
