mode: set
github.com/maiko/sdbx/internal/docker/compose.go:38.45,44.2 1 1
github.com/maiko/sdbx/internal/docker/compose.go:47.76,58.34 8 0
github.com/maiko/sdbx/internal/docker/compose.go:58.34,60.3 1 0
github.com/maiko/sdbx/internal/docker/compose.go:62.2,62.29 1 0
github.com/maiko/sdbx/internal/docker/compose.go:66.49,69.2 2 0
github.com/maiko/sdbx/internal/docker/compose.go:72.51,75.2 2 0
github.com/maiko/sdbx/internal/docker/compose.go:78.68,79.19 1 0
github.com/maiko/sdbx/internal/docker/compose.go:79.19,82.3 2 0
github.com/maiko/sdbx/internal/docker/compose.go:83.2,84.12 2 0
github.com/maiko/sdbx/internal/docker/compose.go:88.67,89.19 1 0
github.com/maiko/sdbx/internal/docker/compose.go:89.19,92.3 2 0
github.com/maiko/sdbx/internal/docker/compose.go:93.2,94.12 2 0
github.com/maiko/sdbx/internal/docker/compose.go:98.70,99.19 1 0
github.com/maiko/sdbx/internal/docker/compose.go:99.19,102.3 2 0
github.com/maiko/sdbx/internal/docker/compose.go:103.2,104.12 2 0
github.com/maiko/sdbx/internal/docker/compose.go:108.51,111.2 2 0
github.com/maiko/sdbx/internal/docker/compose.go:114.101,116.15 2 0
github.com/maiko/sdbx/internal/docker/compose.go:116.15,118.3 1 0
github.com/maiko/sdbx/internal/docker/compose.go:119.2,119.12 1 0
github.com/maiko/sdbx/internal/docker/compose.go:119.12,121.3 1 0
github.com/maiko/sdbx/internal/docker/compose.go:122.2,122.19 1 0
github.com/maiko/sdbx/internal/docker/compose.go:122.19,124.3 1 0
github.com/maiko/sdbx/internal/docker/compose.go:125.2,125.28 1 0
github.com/maiko/sdbx/internal/docker/compose.go:129.97,131.15 2 0
github.com/maiko/sdbx/internal/docker/compose.go:131.15,133.3 1 0
github.com/maiko/sdbx/internal/docker/compose.go:134.2,139.17 4 0
github.com/maiko/sdbx/internal/docker/compose.go:143.62,145.16 2 0
github.com/maiko/sdbx/internal/docker/compose.go:145.16,147.3 1 0
github.com/maiko/sdbx/internal/docker/compose.go:149.2,151.70 2 0
github.com/maiko/sdbx/internal/docker/compose.go:151.70,152.17 1 0
github.com/maiko/sdbx/internal/docker/compose.go:152.17,153.12 1 0
github.com/maiko/sdbx/internal/docker/compose.go:155.3,163.60 2 0
github.com/maiko/sdbx/internal/docker/compose.go:163.60,164.12 1 0
github.com/maiko/sdbx/internal/docker/compose.go:166.3,174.5 1 0
github.com/maiko/sdbx/internal/docker/compose.go:177.2,177.22 1 0
github.com/maiko/sdbx/internal/docker/compose.go:181.92,185.2 3 0
github.com/maiko/sdbx/internal/docker/compose.go:188.80,190.16 2 0
github.com/maiko/sdbx/internal/docker/compose.go:190.16,192.3 1 0
github.com/maiko/sdbx/internal/docker/compose.go:194.2,194.31 1 0
github.com/maiko/sdbx/internal/docker/compose.go:194.31,195.42 1 0
github.com/maiko/sdbx/internal/docker/compose.go:195.42,197.4 1 0
github.com/maiko/sdbx/internal/docker/compose.go:200.2,200.59 1 0
github.com/maiko/sdbx/internal/docker/compose.go:204.97,207.34 2 0
github.com/maiko/sdbx/internal/docker/compose.go:207.34,209.28 2 0
github.com/maiko/sdbx/internal/docker/compose.go:209.28,211.4 1 0
github.com/maiko/sdbx/internal/docker/compose.go:212.3,212.30 1 0
github.com/maiko/sdbx/internal/docker/compose.go:215.2,215.72 1 0
github.com/maiko/sdbx/internal/config/config.go:110.30,140.2 1 1
github.com/maiko/sdbx/internal/config/config.go:146.35,148.20 1 1
github.com/maiko/sdbx/internal/config/config.go:148.20,150.3 1 1
github.com/maiko/sdbx/internal/config/config.go:153.2,153.40 1 1
github.com/maiko/sdbx/internal/config/config.go:153.40,155.3 1 1
github.com/maiko/sdbx/internal/config/config.go:158.2,158.22 1 1
github.com/maiko/sdbx/internal/config/config.go:158.22,160.3 1 1
github.com/maiko/sdbx/internal/config/config.go:161.2,161.57 1 1
github.com/maiko/sdbx/internal/config/config.go:161.57,164.3 1 1
github.com/maiko/sdbx/internal/config/config.go:167.2,168.55 2 1
github.com/maiko/sdbx/internal/config/config.go:168.55,171.3 1 1
github.com/maiko/sdbx/internal/config/config.go:174.2,175.66 2 1
github.com/maiko/sdbx/internal/config/config.go:175.66,178.3 1 1
github.com/maiko/sdbx/internal/config/config.go:181.2,181.77 1 1
github.com/maiko/sdbx/internal/config/config.go:181.77,184.3 1 1
github.com/maiko/sdbx/internal/config/config.go:187.2,187.41 1 1
github.com/maiko/sdbx/internal/config/config.go:187.41,190.3 1 1
github.com/maiko/sdbx/internal/config/config.go:193.2,193.24 1 1
github.com/maiko/sdbx/internal/config/config.go:193.24,195.3 1 0
github.com/maiko/sdbx/internal/config/config.go:196.2,196.23 1 1
github.com/maiko/sdbx/internal/config/config.go:196.23,198.3 1 0
github.com/maiko/sdbx/internal/config/config.go:199.2,199.27 1 1
github.com/maiko/sdbx/internal/config/config.go:199.27,201.3 1 0
github.com/maiko/sdbx/internal/config/config.go:204.2,204.34 1 1
github.com/maiko/sdbx/internal/config/config.go:204.34,206.3 1 1
github.com/maiko/sdbx/internal/config/config.go:207.2,207.34 1 1
github.com/maiko/sdbx/internal/config/config.go:207.34,209.3 1 1
github.com/maiko/sdbx/internal/config/config.go:211.2,211.12 1 1
github.com/maiko/sdbx/internal/config/config.go:216.30,240.45 20 0
github.com/maiko/sdbx/internal/config/config.go:240.45,242.56 1 0
github.com/maiko/sdbx/internal/config/config.go:242.56,244.4 1 0
github.com/maiko/sdbx/internal/config/config.go:248.2,248.45 1 0
github.com/maiko/sdbx/internal/config/config.go:248.45,250.3 1 0
github.com/maiko/sdbx/internal/config/config.go:253.2,253.51 1 0
github.com/maiko/sdbx/internal/config/config.go:253.51,255.3 1 0
github.com/maiko/sdbx/internal/config/config.go:258.2,258.25 1 0
github.com/maiko/sdbx/internal/config/config.go:258.25,260.3 1 0
github.com/maiko/sdbx/internal/config/config.go:262.2,262.17 1 0
github.com/maiko/sdbx/internal/config/config.go:266.42,284.31 17 1
github.com/maiko/sdbx/internal/config/config.go:284.31,286.3 1 0
github.com/maiko/sdbx/internal/config/config.go:287.2,287.25 1 1
github.com/maiko/sdbx/internal/config/config.go:287.25,289.3 1 0
github.com/maiko/sdbx/internal/config/config.go:291.2,291.34 1 1
github.com/maiko/sdbx/internal/config/config.go:295.35,298.16 2 1
github.com/maiko/sdbx/internal/config/config.go:298.16,300.3 1 0
github.com/maiko/sdbx/internal/config/config.go:302.2,304.6 2 1
github.com/maiko/sdbx/internal/config/config.go:304.6,305.70 1 1
github.com/maiko/sdbx/internal/config/config.go:305.70,307.4 1 1
github.com/maiko/sdbx/internal/config/config.go:308.3,308.72 1 1
github.com/maiko/sdbx/internal/config/config.go:308.72,310.4 1 0
github.com/maiko/sdbx/internal/config/config.go:312.3,313.20 2 1
github.com/maiko/sdbx/internal/config/config.go:313.20,314.9 1 1
github.com/maiko/sdbx/internal/config/config.go:316.3,316.15 1 1
github.com/maiko/sdbx/internal/config/config.go:319.2,319.56 1 1
github.com/maiko/sdbx/internal/config/config.go:323.35,325.2 1 1
github.com/maiko/sdbx/internal/config/config.go:328.52,329.29 1 1
github.com/maiko/sdbx/internal/config/config.go:329.29,330.17 1 1
github.com/maiko/sdbx/internal/config/config.go:330.17,332.4 1 1
github.com/maiko/sdbx/internal/config/config.go:334.2,334.14 1 1
github.com/maiko/sdbx/internal/config/config.go:338.44,339.30 1 1
github.com/maiko/sdbx/internal/config/config.go:339.30,341.3 1 1
github.com/maiko/sdbx/internal/config/config.go:345.45,347.29 2 1
github.com/maiko/sdbx/internal/config/config.go:347.29,348.17 1 1
github.com/maiko/sdbx/internal/config/config.go:348.17,350.4 1 1
github.com/maiko/sdbx/internal/config/config.go:352.2,352.22 1 1
github.com/maiko/sdbx/internal/config/config.go:357.67,358.71 1 1
github.com/maiko/sdbx/internal/config/config.go:358.71,360.3 1 1
github.com/maiko/sdbx/internal/config/config.go:361.2,361.27 1 1
github.com/maiko/sdbx/internal/config/config.go:367.61,368.73 1 1
github.com/maiko/sdbx/internal/config/config.go:368.73,370.3 1 1
github.com/maiko/sdbx/internal/config/config.go:371.2,371.16 1 1
github.com/maiko/sdbx/internal/config/config.go:376.56,377.68 1 1
github.com/maiko/sdbx/internal/config/config.go:377.68,379.3 1 1
github.com/maiko/sdbx/internal/config/config.go:380.2,380.22 1 1
github.com/maiko/sdbx/internal/config/config.go:384.55,387.29 2 1
github.com/maiko/sdbx/internal/config/config.go:387.29,390.3 2 1
github.com/maiko/sdbx/internal/config/config.go:393.2,394.32 2 1
github.com/maiko/sdbx/internal/config/config.go:394.32,396.3 1 1
github.com/maiko/sdbx/internal/config/config.go:397.2,397.52 1 1
github.com/maiko/sdbx/internal/config/config.go:401.53,403.2 1 1
github.com/maiko/sdbx/internal/config/config.go:406.34,408.2 1 1
github.com/maiko/sdbx/internal/config/config.go:411.39,413.2 1 1
github.com/maiko/sdbx/internal/config/config.go:416.35,418.2 1 1
github.com/maiko/sdbx/internal/config/errors.go:11.42,13.2 1 1
github.com/maiko/sdbx/internal/config/errors.go:16.65,21.2 1 1
github.com/maiko/sdbx/internal/config/errors.go:28.47,30.2 1 0
github.com/maiko/sdbx/internal/config/errors.go:33.45,36.2 2 1
github.com/maiko/sdbx/internal/config/vpn_providers.go:222.52,225.2 2 1
github.com/maiko/sdbx/internal/config/vpn_providers.go:228.35,235.2 1 1
github.com/maiko/sdbx/internal/backup/backup.go:40.45,45.2 1 1
github.com/maiko/sdbx/internal/backup/backup.go:48.64,50.55 1 1
github.com/maiko/sdbx/internal/backup/backup.go:50.55,52.3 1 0
github.com/maiko/sdbx/internal/backup/backup.go:55.2,81.82 7 1
github.com/maiko/sdbx/internal/backup/backup.go:81.82,83.3 1 0
github.com/maiko/sdbx/internal/backup/backup.go:85.2,89.8 1 1
github.com/maiko/sdbx/internal/backup/backup.go:93.115,96.16 2 1
github.com/maiko/sdbx/internal/backup/backup.go:96.16,98.3 1 0
github.com/maiko/sdbx/internal/backup/backup.go:99.2,111.16 7 1
github.com/maiko/sdbx/internal/backup/backup.go:111.16,113.3 1 0
github.com/maiko/sdbx/internal/backup/backup.go:115.2,115.82 1 1
github.com/maiko/sdbx/internal/backup/backup.go:115.82,117.3 1 0
github.com/maiko/sdbx/internal/backup/backup.go:120.2,120.29 1 1
github.com/maiko/sdbx/internal/backup/backup.go:120.29,124.54 2 1
github.com/maiko/sdbx/internal/backup/backup.go:124.54,126.12 1 1
github.com/maiko/sdbx/internal/backup/backup.go:130.3,130.72 1 1
github.com/maiko/sdbx/internal/backup/backup.go:130.72,132.4 1 0
github.com/maiko/sdbx/internal/backup/backup.go:135.2,135.12 1 1
github.com/maiko/sdbx/internal/backup/backup.go:139.103,142.16 2 1
github.com/maiko/sdbx/internal/backup/backup.go:142.16,144.3 1 0
github.com/maiko/sdbx/internal/backup/backup.go:147.2,147.18 1 1
github.com/maiko/sdbx/internal/backup/backup.go:147.18,148.87 1 1
github.com/maiko/sdbx/internal/backup/backup.go:148.87,149.18 1 1
github.com/maiko/sdbx/internal/backup/backup.go:149.18,151.5 1 0
github.com/maiko/sdbx/internal/backup/backup.go:154.4,155.18 2 1
github.com/maiko/sdbx/internal/backup/backup.go:155.18,157.5 1 0
github.com/maiko/sdbx/internal/backup/backup.go:160.4,160.32 1 1
github.com/maiko/sdbx/internal/backup/backup.go:160.32,162.5 1 1
github.com/maiko/sdbx/internal/backup/backup.go:166.4,167.39 2 1
github.com/maiko/sdbx/internal/backup/backup.go:167.39,169.5 1 1
github.com/maiko/sdbx/internal/backup/backup.go:172.4,173.18 2 1
github.com/maiko/sdbx/internal/backup/backup.go:173.18,175.5 1 0
github.com/maiko/sdbx/internal/backup/backup.go:176.4,179.49 2 1
github.com/maiko/sdbx/internal/backup/backup.go:179.49,181.5 1 0
github.com/maiko/sdbx/internal/backup/backup.go:184.4,185.18 2 1
github.com/maiko/sdbx/internal/backup/backup.go:185.18,187.5 1 0
github.com/maiko/sdbx/internal/backup/backup.go:188.4,190.76 2 1
github.com/maiko/sdbx/internal/backup/backup.go:190.76,192.5 1 0
github.com/maiko/sdbx/internal/backup/backup.go:194.4,194.14 1 1
github.com/maiko/sdbx/internal/backup/backup.go:199.2,200.16 2 1
github.com/maiko/sdbx/internal/backup/backup.go:200.16,202.3 1 0
github.com/maiko/sdbx/internal/backup/backup.go:203.2,205.47 2 1
github.com/maiko/sdbx/internal/backup/backup.go:205.47,207.3 1 0
github.com/maiko/sdbx/internal/backup/backup.go:209.2,210.16 2 1
github.com/maiko/sdbx/internal/backup/backup.go:210.16,212.3 1 0
github.com/maiko/sdbx/internal/backup/backup.go:213.2,215.74 2 1
github.com/maiko/sdbx/internal/backup/backup.go:215.74,217.3 1 0
github.com/maiko/sdbx/internal/backup/backup.go:219.2,219.12 1 1
github.com/maiko/sdbx/internal/backup/backup.go:223.81,231.47 2 1
github.com/maiko/sdbx/internal/backup/backup.go:231.47,233.3 1 0
github.com/maiko/sdbx/internal/backup/backup.go:235.2,235.42 1 1
github.com/maiko/sdbx/internal/backup/backup.go:235.42,237.3 1 0
github.com/maiko/sdbx/internal/backup/backup.go:239.2,239.12 1 1
github.com/maiko/sdbx/internal/backup/backup.go:243.64,245.56 1 1
github.com/maiko/sdbx/internal/backup/backup.go:245.56,247.3 1 1
github.com/maiko/sdbx/internal/backup/backup.go:250.2,251.16 2 1
github.com/maiko/sdbx/internal/backup/backup.go:251.16,253.3 1 0
github.com/maiko/sdbx/internal/backup/backup.go:255.2,256.32 2 1
github.com/maiko/sdbx/internal/backup/backup.go:256.32,257.20 1 1
github.com/maiko/sdbx/internal/backup/backup.go:257.20,258.12 1 0
github.com/maiko/sdbx/internal/backup/backup.go:262.3,262.42 1 1
github.com/maiko/sdbx/internal/backup/backup.go:262.42,263.12 1 0
github.com/maiko/sdbx/internal/backup/backup.go:266.3,268.17 3 1
github.com/maiko/sdbx/internal/backup/backup.go:268.17,270.12 1 0
github.com/maiko/sdbx/internal/backup/backup.go:273.3,277.5 1 1
github.com/maiko/sdbx/internal/backup/backup.go:281.2,281.42 1 1
github.com/maiko/sdbx/internal/backup/backup.go:281.42,283.3 1 1
github.com/maiko/sdbx/internal/backup/backup.go:285.2,285.21 1 1
github.com/maiko/sdbx/internal/backup/backup.go:289.70,294.16 3 1
github.com/maiko/sdbx/internal/backup/backup.go:294.16,296.3 1 0
github.com/maiko/sdbx/internal/backup/backup.go:297.2,301.16 3 1
github.com/maiko/sdbx/internal/backup/backup.go:301.16,303.3 1 0
github.com/maiko/sdbx/internal/backup/backup.go:304.2,311.16 4 1
github.com/maiko/sdbx/internal/backup/backup.go:311.16,313.3 1 0
github.com/maiko/sdbx/internal/backup/backup.go:315.2,315.36 1 1
github.com/maiko/sdbx/internal/backup/backup.go:315.36,317.3 1 0
github.com/maiko/sdbx/internal/backup/backup.go:320.2,321.16 2 1
github.com/maiko/sdbx/internal/backup/backup.go:321.16,323.3 1 0
github.com/maiko/sdbx/internal/backup/backup.go:326.2,326.56 1 1
github.com/maiko/sdbx/internal/backup/backup.go:326.56,328.3 1 0
github.com/maiko/sdbx/internal/backup/backup.go:330.2,330.22 1 1
github.com/maiko/sdbx/internal/backup/backup.go:334.44,335.16 1 1
github.com/maiko/sdbx/internal/backup/backup.go:335.16,337.3 1 1
github.com/maiko/sdbx/internal/backup/backup.go:338.2,338.34 1 1
github.com/maiko/sdbx/internal/backup/backup.go:338.34,340.3 1 1
github.com/maiko/sdbx/internal/backup/backup.go:341.2,341.26 1 1
github.com/maiko/sdbx/internal/backup/backup.go:341.26,343.3 1 1
github.com/maiko/sdbx/internal/backup/backup.go:344.2,344.37 1 1
github.com/maiko/sdbx/internal/backup/backup.go:344.37,346.3 1 1
github.com/maiko/sdbx/internal/backup/backup.go:347.2,347.12 1 1
github.com/maiko/sdbx/internal/backup/backup.go:351.73,352.55 1 1
github.com/maiko/sdbx/internal/backup/backup.go:352.55,354.3 1 1
github.com/maiko/sdbx/internal/backup/backup.go:356.2,359.55 2 1
github.com/maiko/sdbx/internal/backup/backup.go:359.55,361.3 1 1
github.com/maiko/sdbx/internal/backup/backup.go:364.2,365.16 2 1
github.com/maiko/sdbx/internal/backup/backup.go:365.16,367.3 1 0
github.com/maiko/sdbx/internal/backup/backup.go:368.2,372.16 3 1
github.com/maiko/sdbx/internal/backup/backup.go:372.16,374.3 1 0
github.com/maiko/sdbx/internal/backup/backup.go:375.2,382.16 4 1
github.com/maiko/sdbx/internal/backup/backup.go:382.16,384.3 1 0
github.com/maiko/sdbx/internal/backup/backup.go:387.2,387.6 1 1
github.com/maiko/sdbx/internal/backup/backup.go:387.6,389.20 2 1
github.com/maiko/sdbx/internal/backup/backup.go:389.20,390.9 1 1
github.com/maiko/sdbx/internal/backup/backup.go:392.3,392.17 1 1
github.com/maiko/sdbx/internal/backup/backup.go:392.17,394.4 1 0
github.com/maiko/sdbx/internal/backup/backup.go:397.3,397.37 1 1
github.com/maiko/sdbx/internal/backup/backup.go:397.37,398.12 1 1
github.com/maiko/sdbx/internal/backup/backup.go:402.3,402.73 1 1
github.com/maiko/sdbx/internal/backup/backup.go:402.73,404.4 1 1
github.com/maiko/sdbx/internal/backup/backup.go:407.3,410.110 2 1
github.com/maiko/sdbx/internal/backup/backup.go:410.110,412.4 1 0
github.com/maiko/sdbx/internal/backup/backup.go:415.3,415.69 1 1
github.com/maiko/sdbx/internal/backup/backup.go:415.69,417.4 1 0
github.com/maiko/sdbx/internal/backup/backup.go:420.3,422.17 3 1
github.com/maiko/sdbx/internal/backup/backup.go:422.17,424.4 1 0
github.com/maiko/sdbx/internal/backup/backup.go:426.3,426.85 1 1
github.com/maiko/sdbx/internal/backup/backup.go:426.85,429.4 2 0
github.com/maiko/sdbx/internal/backup/backup.go:431.3,431.41 1 1
github.com/maiko/sdbx/internal/backup/backup.go:431.41,433.4 1 0
github.com/maiko/sdbx/internal/backup/backup.go:436.3,436.77 1 1
github.com/maiko/sdbx/internal/backup/backup.go:436.77,438.4 1 0
github.com/maiko/sdbx/internal/backup/backup.go:441.2,441.12 1 1
github.com/maiko/sdbx/internal/backup/backup.go:445.72,446.55 1 1
github.com/maiko/sdbx/internal/backup/backup.go:446.55,448.3 1 1
github.com/maiko/sdbx/internal/backup/backup.go:450.2,453.55 2 1
github.com/maiko/sdbx/internal/backup/backup.go:453.55,455.3 1 1
github.com/maiko/sdbx/internal/backup/backup.go:458.2,458.46 1 1
github.com/maiko/sdbx/internal/backup/backup.go:458.46,460.3 1 0
github.com/maiko/sdbx/internal/backup/backup.go:462.2,462.12 1 1
github.com/maiko/sdbx/internal/backup/backup.go:466.43,468.16 2 1
github.com/maiko/sdbx/internal/backup/backup.go:468.16,470.3 1 1
github.com/maiko/sdbx/internal/backup/backup.go:471.2,471.25 1 1
github.com/maiko/sdbx/internal/backup/backup.go:475.38,477.18 2 0
github.com/maiko/sdbx/internal/backup/backup.go:477.18,479.3 1 0
github.com/maiko/sdbx/internal/backup/backup.go:480.2,481.46 2 0
github.com/maiko/sdbx/internal/backup/backup.go:481.46,484.3 2 0
github.com/maiko/sdbx/internal/backup/backup.go:485.2,485.76 1 0
github.com/maiko/sdbx/internal/backup/backup.go:489.36,492.28 2 0
github.com/maiko/sdbx/internal/backup/backup.go:492.28,494.3 1 0
github.com/maiko/sdbx/internal/backup/backup.go:495.2,495.26 1 0
github.com/maiko/sdbx/internal/backup/backup.go:495.26,497.16 2 0
github.com/maiko/sdbx/internal/backup/backup.go:497.16,499.4 1 0
github.com/maiko/sdbx/internal/backup/backup.go:500.3,500.45 1 0
github.com/maiko/sdbx/internal/backup/backup.go:502.2,502.29 1 0
github.com/maiko/sdbx/internal/backup/backup.go:502.29,504.17 2 0
github.com/maiko/sdbx/internal/backup/backup.go:504.17,506.4 1 0
github.com/maiko/sdbx/internal/backup/backup.go:507.3,507.44 1 0
github.com/maiko/sdbx/internal/backup/backup.go:509.2,510.15 2 0
github.com/maiko/sdbx/internal/backup/backup.go:510.15,512.3 1 0
github.com/maiko/sdbx/internal/backup/backup.go:513.2,513.15 1 0
github.com/maiko/sdbx/internal/backup/backup.go:513.15,515.3 1 0
github.com/maiko/sdbx/internal/backup/backup.go:517.2,517.37 1 0
github.com/maiko/sdbx/internal/doctor/checks.go:48.43,53.2 1 1
github.com/maiko/sdbx/internal/doctor/checks.go:56.54,72.27 2 1
github.com/maiko/sdbx/internal/doctor/checks.go:72.27,83.13 6 1
github.com/maiko/sdbx/internal/doctor/checks.go:83.13,85.4 1 1
github.com/maiko/sdbx/internal/doctor/checks.go:85.9,87.4 1 1
github.com/maiko/sdbx/internal/doctor/checks.go:89.3,89.37 1 1
github.com/maiko/sdbx/internal/doctor/checks.go:92.2,92.17 1 1
github.com/maiko/sdbx/internal/doctor/checks.go:96.73,99.16 3 1
github.com/maiko/sdbx/internal/doctor/checks.go:99.16,101.3 1 0
github.com/maiko/sdbx/internal/doctor/checks.go:103.2,106.20 3 1
github.com/maiko/sdbx/internal/doctor/checks.go:106.20,108.3 1 0
github.com/maiko/sdbx/internal/doctor/checks.go:110.2,111.16 2 1
github.com/maiko/sdbx/internal/doctor/checks.go:111.16,113.3 1 0
github.com/maiko/sdbx/internal/doctor/checks.go:115.2,115.16 1 1
github.com/maiko/sdbx/internal/doctor/checks.go:115.16,117.3 1 0
github.com/maiko/sdbx/internal/doctor/checks.go:119.2,119.50 1 1
github.com/maiko/sdbx/internal/doctor/checks.go:123.74,126.16 3 1
github.com/maiko/sdbx/internal/doctor/checks.go:126.16,128.3 1 0
github.com/maiko/sdbx/internal/doctor/checks.go:130.2,135.20 4 1
github.com/maiko/sdbx/internal/doctor/checks.go:135.20,137.3 1 0
github.com/maiko/sdbx/internal/doctor/checks.go:139.2,142.45 3 1
github.com/maiko/sdbx/internal/doctor/checks.go:142.45,144.3 1 0
github.com/maiko/sdbx/internal/doctor/checks.go:146.2,146.50 1 1
github.com/maiko/sdbx/internal/doctor/checks.go:150.67,153.16 3 1
github.com/maiko/sdbx/internal/doctor/checks.go:153.16,155.3 1 0
github.com/maiko/sdbx/internal/doctor/checks.go:157.2,157.52 1 1
github.com/maiko/sdbx/internal/doctor/checks.go:157.52,159.3 1 0
github.com/maiko/sdbx/internal/doctor/checks.go:163.2,164.19 2 1
github.com/maiko/sdbx/internal/doctor/checks.go:164.19,166.3 1 0
github.com/maiko/sdbx/internal/doctor/checks.go:167.2,169.17 2 1
github.com/maiko/sdbx/internal/doctor/checks.go:169.17,171.3 1 0
github.com/maiko/sdbx/internal/doctor/checks.go:173.2,173.50 1 1
github.com/maiko/sdbx/internal/doctor/checks.go:177.69,181.16 3 1
github.com/maiko/sdbx/internal/doctor/checks.go:181.16,183.3 1 0
github.com/maiko/sdbx/internal/doctor/checks.go:184.2,188.31 3 1
github.com/maiko/sdbx/internal/doctor/checks.go:188.31,192.3 3 1
github.com/maiko/sdbx/internal/doctor/checks.go:194.2,194.19 1 0
github.com/maiko/sdbx/internal/doctor/checks.go:198.65,205.16 4 1
github.com/maiko/sdbx/internal/doctor/checks.go:205.16,206.34 1 1
github.com/maiko/sdbx/internal/doctor/checks.go:206.34,209.4 2 0
github.com/maiko/sdbx/internal/doctor/checks.go:209.9,209.38 1 1
github.com/maiko/sdbx/internal/doctor/checks.go:209.38,212.4 2 0
github.com/maiko/sdbx/internal/doctor/checks.go:212.9,214.4 1 1
github.com/maiko/sdbx/internal/doctor/checks.go:215.8,219.3 2 0
github.com/maiko/sdbx/internal/doctor/checks.go:221.2,222.29 2 1
github.com/maiko/sdbx/internal/doctor/checks.go:222.29,224.17 2 1
github.com/maiko/sdbx/internal/doctor/checks.go:224.17,226.4 1 1
github.com/maiko/sdbx/internal/doctor/checks.go:226.9,228.4 1 0
github.com/maiko/sdbx/internal/doctor/checks.go:231.2,231.20 1 1
github.com/maiko/sdbx/internal/doctor/checks.go:231.20,233.27 1 1
github.com/maiko/sdbx/internal/doctor/checks.go:233.27,235.4 1 1
github.com/maiko/sdbx/internal/doctor/checks.go:236.3,236.67 1 0
github.com/maiko/sdbx/internal/doctor/checks.go:239.2,239.66 1 0
github.com/maiko/sdbx/internal/doctor/checks.go:243.58,246.16 3 1
github.com/maiko/sdbx/internal/doctor/checks.go:246.16,248.3 1 0
github.com/maiko/sdbx/internal/doctor/checks.go:249.2,249.57 1 1
github.com/maiko/sdbx/internal/doctor/checks.go:253.72,255.34 2 1
github.com/maiko/sdbx/internal/doctor/checks.go:255.34,257.3 1 0
github.com/maiko/sdbx/internal/doctor/checks.go:258.2,258.24 1 1
github.com/maiko/sdbx/internal/doctor/checks.go:262.70,266.32 3 1
github.com/maiko/sdbx/internal/doctor/checks.go:266.32,268.50 2 1
github.com/maiko/sdbx/internal/doctor/checks.go:268.50,270.4 1 1
github.com/maiko/sdbx/internal/doctor/checks.go:273.2,273.22 1 1
github.com/maiko/sdbx/internal/doctor/checks.go:273.22,275.3 1 1
github.com/maiko/sdbx/internal/doctor/checks.go:277.2,277.28 1 1
github.com/maiko/sdbx/internal/doctor/checks.go:281.65,283.55 2 1
github.com/maiko/sdbx/internal/doctor/checks.go:283.55,285.3 1 1
github.com/maiko/sdbx/internal/doctor/checks.go:288.2,294.34 3 1
github.com/maiko/sdbx/internal/doctor/checks.go:294.34,297.37 3 1
github.com/maiko/sdbx/internal/doctor/checks.go:297.37,299.4 1 0
github.com/maiko/sdbx/internal/doctor/checks.go:302.2,302.20 1 1
github.com/maiko/sdbx/internal/doctor/checks.go:302.20,304.3 1 0
github.com/maiko/sdbx/internal/doctor/checks.go:306.2,306.27 1 1
github.com/maiko/sdbx/internal/doctor/checks.go:310.72,312.35 2 1
github.com/maiko/sdbx/internal/doctor/checks.go:312.35,314.3 1 1
github.com/maiko/sdbx/internal/doctor/checks.go:315.2,315.24 1 0
github.com/maiko/sdbx/internal/doctor/checks.go:319.61,323.16 3 0
github.com/maiko/sdbx/internal/doctor/checks.go:323.16,325.3 1 0
github.com/maiko/sdbx/internal/doctor/checks.go:326.2,328.26 2 0
github.com/maiko/sdbx/cmd/sdbx/cmd/addon.go:97.13,109.2 9 1
github.com/maiko/sdbx/cmd/sdbx/cmd/addon.go:111.55,113.16 2 1
github.com/maiko/sdbx/cmd/sdbx/cmd/addon.go:113.16,115.3 1 0
github.com/maiko/sdbx/cmd/sdbx/cmd/addon.go:117.2,121.16 3 1
github.com/maiko/sdbx/cmd/sdbx/cmd/addon.go:121.16,123.3 1 0
github.com/maiko/sdbx/cmd/sdbx/cmd/addon.go:125.2,126.16 2 1
github.com/maiko/sdbx/cmd/sdbx/cmd/addon.go:126.16,128.3 1 0
github.com/maiko/sdbx/cmd/sdbx/cmd/addon.go:131.2,132.31 2 1
github.com/maiko/sdbx/cmd/sdbx/cmd/addon.go:132.31,133.18 1 1
github.com/maiko/sdbx/cmd/sdbx/cmd/addon.go:133.18,135.4 1 1
github.com/maiko/sdbx/cmd/sdbx/cmd/addon.go:139.2,139.20 1 1
github.com/maiko/sdbx/cmd/sdbx/cmd/addon.go:139.20,141.32 2 1
github.com/maiko/sdbx/cmd/sdbx/cmd/addon.go:141.32,142.56 1 1
github.com/maiko/sdbx/cmd/sdbx/cmd/addon.go:142.56,143.13 1 1
github.com/maiko/sdbx/cmd/sdbx/cmd/addon.go:145.4,151.6 1 1
github.com/maiko/sdbx/cmd/sdbx/cmd/addon.go:153.3,153.28 1 1
github.com/maiko/sdbx/cmd/sdbx/cmd/addon.go:156.2,157.18 2 1
github.com/maiko/sdbx/cmd/sdbx/cmd/addon.go:157.18,159.3 1 0
github.com/maiko/sdbx/cmd/sdbx/cmd/addon.go:159.8,161.3 1 1
github.com/maiko/sdbx/cmd/sdbx/cmd/addon.go:162.2,169.31 5 1
github.com/maiko/sdbx/cmd/sdbx/cmd/addon.go:169.31,172.34 2 1
github.com/maiko/sdbx/cmd/sdbx/cmd/addon.go:172.34,173.12 1 1
github.com/maiko/sdbx/cmd/sdbx/cmd/addon.go:176.3,176.16 1 1
github.com/maiko/sdbx/cmd/sdbx/cmd/addon.go:176.16,178.4 1 1
github.com/maiko/sdbx/cmd/sdbx/cmd/addon.go:180.3,186.14 2 1
github.com/maiko/sdbx/cmd/sdbx/cmd/addon.go:189.2,189.20 1 1
github.com/maiko/sdbx/cmd/sdbx/cmd/addon.go:189.20,193.3 3 0
github.com/maiko/sdbx/cmd/sdbx/cmd/addon.go:193.8,200.3 2 1
github.com/maiko/sdbx/cmd/sdbx/cmd/addon.go:201.2,203.12 2 1
github.com/maiko/sdbx/cmd/sdbx/cmd/addon.go:206.60,208.19 2 0
github.com/maiko/sdbx/cmd/sdbx/cmd/addon.go:208.19,210.3 1 0
github.com/maiko/sdbx/cmd/sdbx/cmd/addon.go:212.2,215.16 3 0
github.com/maiko/sdbx/cmd/sdbx/cmd/addon.go:215.16,217.3 1 0
github.com/maiko/sdbx/cmd/sdbx/cmd/addon.go:219.2,220.25 2 0
github.com/maiko/sdbx/cmd/sdbx/cmd/addon.go:220.25,222.3 1 0
github.com/maiko/sdbx/cmd/sdbx/cmd/addon.go:224.2,225.16 2 0
github.com/maiko/sdbx/cmd/sdbx/cmd/addon.go:225.16,227.3 1 0
github.com/maiko/sdbx/cmd/sdbx/cmd/addon.go:230.2,231.30 2 0
github.com/maiko/sdbx/cmd/sdbx/cmd/addon.go:231.30,232.18 1 0
github.com/maiko/sdbx/cmd/sdbx/cmd/addon.go:232.18,234.4 1 0
github.com/maiko/sdbx/cmd/sdbx/cmd/addon.go:238.2,238.20 1 0
github.com/maiko/sdbx/cmd/sdbx/cmd/addon.go:238.20,240.3 1 0
github.com/maiko/sdbx/cmd/sdbx/cmd/addon.go:242.2,242.22 1 0
github.com/maiko/sdbx/cmd/sdbx/cmd/addon.go:242.22,245.3 2 0
github.com/maiko/sdbx/cmd/sdbx/cmd/addon.go:247.2,248.17 2 0
github.com/maiko/sdbx/cmd/sdbx/cmd/addon.go:248.17,250.3 1 0
github.com/maiko/sdbx/cmd/sdbx/cmd/addon.go:250.8,252.3 1 0
github.com/maiko/sdbx/cmd/sdbx/cmd/addon.go:253.2,258.31 3 0
github.com/maiko/sdbx/cmd/sdbx/cmd/addon.go:258.31,265.3 1 0
github.com/maiko/sdbx/cmd/sdbx/cmd/addon.go:267.2,275.12 4 0
github.com/maiko/sdbx/cmd/sdbx/cmd/addon.go:278.58,284.16 4 0
github.com/maiko/sdbx/cmd/sdbx/cmd/addon.go:284.16,286.3 1 0
github.com/maiko/sdbx/cmd/sdbx/cmd/addon.go:288.2,289.16 2 0
github.com/maiko/sdbx/cmd/sdbx/cmd/addon.go:289.16,291.3 1 0
github.com/maiko/sdbx/cmd/sdbx/cmd/addon.go:293.2,293.34 1 0
github.com/maiko/sdbx/cmd/sdbx/cmd/addon.go:293.34,295.3 1 0
github.com/maiko/sdbx/cmd/sdbx/cmd/addon.go:297.2,301.20 3 0
github.com/maiko/sdbx/cmd/sdbx/cmd/addon.go:301.20,313.3 1 0
github.com/maiko/sdbx/cmd/sdbx/cmd/addon.go:315.2,319.15 3 0
github.com/maiko/sdbx/cmd/sdbx/cmd/addon.go:319.15,325.3 1 0
github.com/maiko/sdbx/cmd/sdbx/cmd/addon.go:325.8,331.3 1 0
github.com/maiko/sdbx/cmd/sdbx/cmd/addon.go:332.2,343.25 8 0
github.com/maiko/sdbx/cmd/sdbx/cmd/addon.go:343.25,345.3 1 0
github.com/maiko/sdbx/cmd/sdbx/cmd/addon.go:346.2,348.25 2 0
github.com/maiko/sdbx/cmd/sdbx/cmd/addon.go:348.25,352.32 4 0
github.com/maiko/sdbx/cmd/sdbx/cmd/addon.go:352.32,354.4 1 0
github.com/maiko/sdbx/cmd/sdbx/cmd/addon.go:354.9,356.4 1 0
github.com/maiko/sdbx/cmd/sdbx/cmd/addon.go:357.3,357.16 1 0
github.com/maiko/sdbx/cmd/sdbx/cmd/addon.go:360.2,360.33 1 0
github.com/maiko/sdbx/cmd/sdbx/cmd/addon.go:360.33,363.39 3 0
github.com/maiko/sdbx/cmd/sdbx/cmd/addon.go:363.39,365.4 1 0
github.com/maiko/sdbx/cmd/sdbx/cmd/addon.go:366.3,366.16 1 0
github.com/maiko/sdbx/cmd/sdbx/cmd/addon.go:369.2,370.16 2 0
github.com/maiko/sdbx/cmd/sdbx/cmd/addon.go:370.16,372.3 1 0
github.com/maiko/sdbx/cmd/sdbx/cmd/addon.go:372.8,374.3 1 0
github.com/maiko/sdbx/cmd/sdbx/cmd/addon.go:376.2,376.12 1 0
github.com/maiko/sdbx/cmd/sdbx/cmd/addon.go:379.60,386.16 4 1
github.com/maiko/sdbx/cmd/sdbx/cmd/addon.go:386.16,388.3 1 0
github.com/maiko/sdbx/cmd/sdbx/cmd/addon.go:390.2,391.16 2 1
github.com/maiko/sdbx/cmd/sdbx/cmd/addon.go:391.16,393.3 1 1
github.com/maiko/sdbx/cmd/sdbx/cmd/addon.go:395.2,395.34 1 1
github.com/maiko/sdbx/cmd/sdbx/cmd/addon.go:395.34,397.3 1 0
github.com/maiko/sdbx/cmd/sdbx/cmd/addon.go:399.2,400.16 2 1
github.com/maiko/sdbx/cmd/sdbx/cmd/addon.go:400.16,402.3 1 0
github.com/maiko/sdbx/cmd/sdbx/cmd/addon.go:404.2,404.35 1 1
github.com/maiko/sdbx/cmd/sdbx/cmd/addon.go:404.35,407.3 2 1
github.com/maiko/sdbx/cmd/sdbx/cmd/addon.go:409.2,412.47 2 1
github.com/maiko/sdbx/cmd/sdbx/cmd/addon.go:412.47,414.3 1 0
github.com/maiko/sdbx/cmd/sdbx/cmd/addon.go:416.2,422.12 4 1
github.com/maiko/sdbx/cmd/sdbx/cmd/addon.go:425.61,429.16 3 1
github.com/maiko/sdbx/cmd/sdbx/cmd/addon.go:429.16,431.3 1 0
github.com/maiko/sdbx/cmd/sdbx/cmd/addon.go:433.2,433.36 1 1
github.com/maiko/sdbx/cmd/sdbx/cmd/addon.go:433.36,436.3 2 1
github.com/maiko/sdbx/cmd/sdbx/cmd/addon.go:438.2,441.47 2 1
github.com/maiko/sdbx/cmd/sdbx/cmd/addon.go:441.47,443.3 1 0
github.com/maiko/sdbx/cmd/sdbx/cmd/addon.go:445.2,451.12 4 1
github.com/maiko/sdbx/cmd/sdbx/cmd/addon.go:454.57,455.21 1 0
github.com/maiko/sdbx/cmd/sdbx/cmd/addon.go:455.21,457.3 1 0
github.com/maiko/sdbx/cmd/sdbx/cmd/addon.go:459.2,460.16 2 0
github.com/maiko/sdbx/cmd/sdbx/cmd/addon.go:460.16,462.3 1 0
github.com/maiko/sdbx/cmd/sdbx/cmd/addon.go:464.2,467.16 3 0
github.com/maiko/sdbx/cmd/sdbx/cmd/addon.go:467.16,469.3 1 0
github.com/maiko/sdbx/cmd/sdbx/cmd/addon.go:471.2,472.16 2 0
github.com/maiko/sdbx/cmd/sdbx/cmd/addon.go:472.16,474.3 1 0
github.com/maiko/sdbx/cmd/sdbx/cmd/addon.go:477.2,482.31 3 0
github.com/maiko/sdbx/cmd/sdbx/cmd/addon.go:482.31,483.19 1 0
github.com/maiko/sdbx/cmd/sdbx/cmd/addon.go:483.19,484.12 1 0
github.com/maiko/sdbx/cmd/sdbx/cmd/addon.go:486.3,487.16 2 0
github.com/maiko/sdbx/cmd/sdbx/cmd/addon.go:487.16,489.4 1 0
github.com/maiko/sdbx/cmd/sdbx/cmd/addon.go:490.3,493.5 1 0
github.com/maiko/sdbx/cmd/sdbx/cmd/addon.go:497.2,498.28 2 0
github.com/maiko/sdbx/cmd/sdbx/cmd/addon.go:498.28,500.3 1 0
github.com/maiko/sdbx/cmd/sdbx/cmd/addon.go:501.2,505.30 3 0
github.com/maiko/sdbx/cmd/sdbx/cmd/addon.go:505.30,507.32 2 0
github.com/maiko/sdbx/cmd/sdbx/cmd/addon.go:507.32,510.4 2 0
github.com/maiko/sdbx/cmd/sdbx/cmd/addon.go:513.2,513.23 1 0
github.com/maiko/sdbx/cmd/sdbx/cmd/addon.go:513.23,516.3 2 0
github.com/maiko/sdbx/cmd/sdbx/cmd/addon.go:519.2,536.35 8 0
github.com/maiko/sdbx/cmd/sdbx/cmd/addon.go:536.35,538.3 1 0
github.com/maiko/sdbx/cmd/sdbx/cmd/addon.go:541.2,542.31 2 0
github.com/maiko/sdbx/cmd/sdbx/cmd/addon.go:542.31,544.3 1 0
github.com/maiko/sdbx/cmd/sdbx/cmd/addon.go:545.2,546.35 2 0
github.com/maiko/sdbx/cmd/sdbx/cmd/addon.go:546.35,548.3 1 0
github.com/maiko/sdbx/cmd/sdbx/cmd/addon.go:550.2,551.35 2 0
github.com/maiko/sdbx/cmd/sdbx/cmd/addon.go:551.35,552.17 1 0
github.com/maiko/sdbx/cmd/sdbx/cmd/addon.go:552.17,554.4 1 0
github.com/maiko/sdbx/cmd/sdbx/cmd/addon.go:556.2,556.31 1 0
github.com/maiko/sdbx/cmd/sdbx/cmd/addon.go:556.31,557.17 1 0
github.com/maiko/sdbx/cmd/sdbx/cmd/addon.go:557.17,559.4 1 0
github.com/maiko/sdbx/cmd/sdbx/cmd/addon.go:562.2,562.45 1 0
github.com/maiko/sdbx/cmd/sdbx/cmd/addon.go:562.45,565.3 2 0
github.com/maiko/sdbx/cmd/sdbx/cmd/addon.go:568.2,569.47 2 0
github.com/maiko/sdbx/cmd/sdbx/cmd/addon.go:569.47,571.3 1 0
github.com/maiko/sdbx/cmd/sdbx/cmd/addon.go:574.2,575.22 2 0
github.com/maiko/sdbx/cmd/sdbx/cmd/addon.go:575.22,577.3 1 0
github.com/maiko/sdbx/cmd/sdbx/cmd/addon.go:578.2,578.23 1 0
github.com/maiko/sdbx/cmd/sdbx/cmd/addon.go:578.23,580.3 1 0
github.com/maiko/sdbx/cmd/sdbx/cmd/addon.go:581.2,585.12 4 0
github.com/maiko/sdbx/cmd/sdbx/cmd/addon.go:590.59,592.2 1 1
github.com/maiko/sdbx/cmd/sdbx/cmd/addon.go:595.48,597.2 1 1
github.com/maiko/sdbx/cmd/sdbx/cmd/backup.go:65.13,73.2 5 1
github.com/maiko/sdbx/cmd/sdbx/cmd/backup.go:75.58,78.16 2 0
github.com/maiko/sdbx/cmd/sdbx/cmd/backup.go:78.16,80.3 1 0
github.com/maiko/sdbx/cmd/sdbx/cmd/backup.go:83.2,83.45 1 0
github.com/maiko/sdbx/cmd/sdbx/cmd/backup.go:83.45,85.3 1 0
github.com/maiko/sdbx/cmd/sdbx/cmd/backup.go:88.2,92.21 3 0
github.com/maiko/sdbx/cmd/sdbx/cmd/backup.go:92.21,95.3 2 0
github.com/maiko/sdbx/cmd/sdbx/cmd/backup.go:98.2,99.16 2 0
github.com/maiko/sdbx/cmd/sdbx/cmd/backup.go:99.16,101.3 1 0
github.com/maiko/sdbx/cmd/sdbx/cmd/backup.go:104.2,107.20 2 0
github.com/maiko/sdbx/cmd/sdbx/cmd/backup.go:107.20,114.3 1 0
github.com/maiko/sdbx/cmd/sdbx/cmd/backup.go:117.2,125.12 8 0
github.com/maiko/sdbx/cmd/sdbx/cmd/backup.go:128.56,131.16 2 0
github.com/maiko/sdbx/cmd/sdbx/cmd/backup.go:131.16,133.3 1 0
github.com/maiko/sdbx/cmd/sdbx/cmd/backup.go:136.2,142.16 4 0
github.com/maiko/sdbx/cmd/sdbx/cmd/backup.go:142.16,144.3 1 0
github.com/maiko/sdbx/cmd/sdbx/cmd/backup.go:147.2,147.20 1 0
github.com/maiko/sdbx/cmd/sdbx/cmd/backup.go:147.20,149.29 2 0
github.com/maiko/sdbx/cmd/sdbx/cmd/backup.go:149.29,158.4 2 0
github.com/maiko/sdbx/cmd/sdbx/cmd/backup.go:159.3,159.28 1 0
github.com/maiko/sdbx/cmd/sdbx/cmd/backup.go:163.2,163.23 1 0
github.com/maiko/sdbx/cmd/sdbx/cmd/backup.go:163.23,166.3 2 0
github.com/maiko/sdbx/cmd/sdbx/cmd/backup.go:168.2,178.28 6 0
github.com/maiko/sdbx/cmd/sdbx/cmd/backup.go:178.28,188.3 3 0
github.com/maiko/sdbx/cmd/sdbx/cmd/backup.go:189.2,191.12 2 0
github.com/maiko/sdbx/cmd/sdbx/cmd/backup.go:194.62,199.16 3 0
github.com/maiko/sdbx/cmd/sdbx/cmd/backup.go:199.16,201.3 1 0
github.com/maiko/sdbx/cmd/sdbx/cmd/backup.go:204.2,204.45 1 0
github.com/maiko/sdbx/cmd/sdbx/cmd/backup.go:204.45,206.3 1 0
github.com/maiko/sdbx/cmd/sdbx/cmd/backup.go:209.2,213.21 3 0
github.com/maiko/sdbx/cmd/sdbx/cmd/backup.go:213.21,218.3 4 0
github.com/maiko/sdbx/cmd/sdbx/cmd/backup.go:221.2,221.57 1 0
github.com/maiko/sdbx/cmd/sdbx/cmd/backup.go:221.57,223.3 1 0
github.com/maiko/sdbx/cmd/sdbx/cmd/backup.go:226.2,226.20 1 0
github.com/maiko/sdbx/cmd/sdbx/cmd/backup.go:226.20,231.3 1 0
github.com/maiko/sdbx/cmd/sdbx/cmd/backup.go:234.2,238.12 4 0
github.com/maiko/sdbx/cmd/sdbx/cmd/backup.go:241.61,246.16 3 0
github.com/maiko/sdbx/cmd/sdbx/cmd/backup.go:246.16,248.3 1 0
github.com/maiko/sdbx/cmd/sdbx/cmd/backup.go:251.2,256.56 3 0
github.com/maiko/sdbx/cmd/sdbx/cmd/backup.go:256.56,258.3 1 0
github.com/maiko/sdbx/cmd/sdbx/cmd/backup.go:261.2,261.20 1 0
github.com/maiko/sdbx/cmd/sdbx/cmd/backup.go:261.20,266.3 1 0
github.com/maiko/sdbx/cmd/sdbx/cmd/backup.go:269.2,271.12 2 0
github.com/maiko/sdbx/cmd/sdbx/cmd/config.go:49.13,53.2 3 1
github.com/maiko/sdbx/cmd/sdbx/cmd/config.go:55.58,60.20 2 1
github.com/maiko/sdbx/cmd/sdbx/cmd/config.go:60.20,61.21 1 1
github.com/maiko/sdbx/cmd/sdbx/cmd/config.go:61.21,64.4 2 0
github.com/maiko/sdbx/cmd/sdbx/cmd/config.go:65.3,65.33 1 1
github.com/maiko/sdbx/cmd/sdbx/cmd/config.go:69.2,69.20 1 1
github.com/maiko/sdbx/cmd/sdbx/cmd/config.go:69.20,72.19 3 1
github.com/maiko/sdbx/cmd/sdbx/cmd/config.go:72.19,74.4 1 1
github.com/maiko/sdbx/cmd/sdbx/cmd/config.go:75.3,76.13 2 1
github.com/maiko/sdbx/cmd/sdbx/cmd/config.go:80.2,92.38 4 1
github.com/maiko/sdbx/cmd/sdbx/cmd/config.go:92.38,94.28 2 1
github.com/maiko/sdbx/cmd/sdbx/cmd/config.go:94.28,96.20 2 1
github.com/maiko/sdbx/cmd/sdbx/cmd/config.go:96.20,98.23 2 1
github.com/maiko/sdbx/cmd/sdbx/cmd/config.go:98.23,100.6 1 0
github.com/maiko/sdbx/cmd/sdbx/cmd/config.go:101.5,101.46 1 1
github.com/maiko/sdbx/cmd/sdbx/cmd/config.go:104.3,104.16 1 1
github.com/maiko/sdbx/cmd/sdbx/cmd/config.go:107.2,107.12 1 1
github.com/maiko/sdbx/cmd/sdbx/cmd/config.go:110.58,123.30 5 1
github.com/maiko/sdbx/cmd/sdbx/cmd/config.go:123.30,124.15 1 1
github.com/maiko/sdbx/cmd/sdbx/cmd/config.go:124.15,126.9 2 1
github.com/maiko/sdbx/cmd/sdbx/cmd/config.go:130.2,130.14 1 1
github.com/maiko/sdbx/cmd/sdbx/cmd/config.go:130.14,132.3 1 1
github.com/maiko/sdbx/cmd/sdbx/cmd/config.go:135.2,138.44 2 1
github.com/maiko/sdbx/cmd/sdbx/cmd/config.go:138.44,140.49 1 0
github.com/maiko/sdbx/cmd/sdbx/cmd/config.go:140.49,142.4 1 0
github.com/maiko/sdbx/cmd/sdbx/cmd/config.go:145.2,146.12 2 1
github.com/maiko/sdbx/cmd/sdbx/cmd/doctor.go:31.13,33.2 1 1
github.com/maiko/sdbx/cmd/sdbx/cmd/doctor.go:35.55,38.16 2 1
github.com/maiko/sdbx/cmd/sdbx/cmd/doctor.go:38.16,41.3 1 1
github.com/maiko/sdbx/cmd/sdbx/cmd/doctor.go:43.2,47.20 3 1
github.com/maiko/sdbx/cmd/sdbx/cmd/doctor.go:47.20,50.3 2 1
github.com/maiko/sdbx/cmd/sdbx/cmd/doctor.go:53.2,66.31 9 1
github.com/maiko/sdbx/cmd/sdbx/cmd/doctor.go:66.31,72.23 4 1
github.com/maiko/sdbx/cmd/sdbx/cmd/doctor.go:73.28,75.12 2 1
github.com/maiko/sdbx/cmd/sdbx/cmd/doctor.go:76.29,78.14 2 0
github.com/maiko/sdbx/cmd/sdbx/cmd/doctor.go:79.28,81.12 2 1
github.com/maiko/sdbx/cmd/sdbx/cmd/doctor.go:82.11,83.22 1 0
github.com/maiko/sdbx/cmd/sdbx/cmd/doctor.go:86.3,87.25 2 1
github.com/maiko/sdbx/cmd/sdbx/cmd/doctor.go:87.25,89.4 1 1
github.com/maiko/sdbx/cmd/sdbx/cmd/doctor.go:91.3,91.43 1 1
github.com/maiko/sdbx/cmd/sdbx/cmd/doctor.go:94.2,98.34 3 1
github.com/maiko/sdbx/cmd/sdbx/cmd/doctor.go:98.34,101.3 1 0
github.com/maiko/sdbx/cmd/sdbx/cmd/doctor.go:101.8,101.24 1 1
github.com/maiko/sdbx/cmd/sdbx/cmd/doctor.go:101.24,104.3 1 0
github.com/maiko/sdbx/cmd/sdbx/cmd/doctor.go:104.8,107.3 1 1
github.com/maiko/sdbx/cmd/sdbx/cmd/doctor.go:108.2,110.12 2 1
github.com/maiko/sdbx/cmd/sdbx/cmd/down.go:21.13,23.2 1 1
github.com/maiko/sdbx/cmd/sdbx/cmd/down.go:25.53,28.16 2 0
github.com/maiko/sdbx/cmd/sdbx/cmd/down.go:28.16,30.3 1 0
github.com/maiko/sdbx/cmd/sdbx/cmd/down.go:32.2,35.20 3 0
github.com/maiko/sdbx/cmd/sdbx/cmd/down.go:35.20,36.70 1 0
github.com/maiko/sdbx/cmd/sdbx/cmd/down.go:36.70,38.4 1 0
github.com/maiko/sdbx/cmd/sdbx/cmd/down.go:39.3,39.17 1 0
github.com/maiko/sdbx/cmd/sdbx/cmd/down.go:39.17,41.4 1 0
github.com/maiko/sdbx/cmd/sdbx/cmd/down.go:42.8,44.43 2 0
github.com/maiko/sdbx/cmd/sdbx/cmd/down.go:44.43,46.4 1 0
github.com/maiko/sdbx/cmd/sdbx/cmd/down.go:49.2,52.12 3 0
github.com/maiko/sdbx/cmd/sdbx/cmd/init.go:57.13,76.2 15 1
github.com/maiko/sdbx/cmd/sdbx/cmd/init.go:79.29,81.16 2 0
github.com/maiko/sdbx/cmd/sdbx/cmd/init.go:81.16,83.3 1 0
github.com/maiko/sdbx/cmd/sdbx/cmd/init.go:85.2,85.29 1 0
github.com/maiko/sdbx/cmd/sdbx/cmd/init.go:85.29,86.67 1 0
github.com/maiko/sdbx/cmd/sdbx/cmd/init.go:86.67,87.29 1 0
github.com/maiko/sdbx/cmd/sdbx/cmd/init.go:87.29,89.5 1 0
github.com/maiko/sdbx/cmd/sdbx/cmd/init.go:92.2,92.24 1 0
github.com/maiko/sdbx/cmd/sdbx/cmd/init.go:95.55,98.16 2 0
github.com/maiko/sdbx/cmd/sdbx/cmd/init.go:98.16,100.3 1 0
github.com/maiko/sdbx/cmd/sdbx/cmd/init.go:102.2,103.32 2 0
github.com/maiko/sdbx/cmd/sdbx/cmd/init.go:103.32,104.69 1 0
github.com/maiko/sdbx/cmd/sdbx/cmd/init.go:104.69,106.9 2 0
github.com/maiko/sdbx/cmd/sdbx/cmd/init.go:111.2,112.16 2 0
github.com/maiko/sdbx/cmd/sdbx/cmd/init.go:112.16,114.3 1 0
github.com/maiko/sdbx/cmd/sdbx/cmd/init.go:117.2,118.16 2 0
github.com/maiko/sdbx/cmd/sdbx/cmd/init.go:118.16,120.3 1 0
github.com/maiko/sdbx/cmd/sdbx/cmd/init.go:123.2,123.39 1 0
github.com/maiko/sdbx/cmd/sdbx/cmd/init.go:123.39,136.18 7 0
github.com/maiko/sdbx/cmd/sdbx/cmd/init.go:136.18,142.23 2 0
github.com/maiko/sdbx/cmd/sdbx/cmd/init.go:142.23,144.5 1 0
github.com/maiko/sdbx/cmd/sdbx/cmd/init.go:145.4,145.16 1 0
github.com/maiko/sdbx/cmd/sdbx/cmd/init.go:145.16,148.5 2 0
github.com/maiko/sdbx/cmd/sdbx/cmd/init.go:152.3,152.45 1 0
github.com/maiko/sdbx/cmd/sdbx/cmd/init.go:152.45,154.4 1 0
github.com/maiko/sdbx/cmd/sdbx/cmd/init.go:155.8,157.23 1 0
github.com/maiko/sdbx/cmd/sdbx/cmd/init.go:157.23,159.4 1 0
github.com/maiko/sdbx/cmd/sdbx/cmd/init.go:160.3,160.27 1 0
github.com/maiko/sdbx/cmd/sdbx/cmd/init.go:160.27,162.4 1 0
github.com/maiko/sdbx/cmd/sdbx/cmd/init.go:163.3,163.32 1 0
github.com/maiko/sdbx/cmd/sdbx/cmd/init.go:163.32,165.4 1 0
github.com/maiko/sdbx/cmd/sdbx/cmd/init.go:166.3,166.25 1 0
github.com/maiko/sdbx/cmd/sdbx/cmd/init.go:166.25,168.4 1 0
github.com/maiko/sdbx/cmd/sdbx/cmd/init.go:169.3,169.26 1 0
github.com/maiko/sdbx/cmd/sdbx/cmd/init.go:169.26,171.4 1 0
github.com/maiko/sdbx/cmd/sdbx/cmd/init.go:172.3,172.30 1 0
github.com/maiko/sdbx/cmd/sdbx/cmd/init.go:172.30,174.4 1 0
github.com/maiko/sdbx/cmd/sdbx/cmd/init.go:175.3,175.27 1 0
github.com/maiko/sdbx/cmd/sdbx/cmd/init.go:175.27,177.4 1 0
github.com/maiko/sdbx/cmd/sdbx/cmd/init.go:179.3,180.21 2 0
github.com/maiko/sdbx/cmd/sdbx/cmd/init.go:180.21,181.29 1 0
github.com/maiko/sdbx/cmd/sdbx/cmd/init.go:181.29,183.5 1 0
github.com/maiko/sdbx/cmd/sdbx/cmd/init.go:183.10,185.5 1 0
github.com/maiko/sdbx/cmd/sdbx/cmd/init.go:186.4,186.35 1 0
github.com/maiko/sdbx/cmd/sdbx/cmd/init.go:190.3,190.34 1 0
github.com/maiko/sdbx/cmd/sdbx/cmd/init.go:190.34,192.4 1 0
github.com/maiko/sdbx/cmd/sdbx/cmd/init.go:195.3,197.21 3 0
github.com/maiko/sdbx/cmd/sdbx/cmd/init.go:197.21,199.4 1 0
github.com/maiko/sdbx/cmd/sdbx/cmd/init.go:201.3,202.17 2 0
github.com/maiko/sdbx/cmd/sdbx/cmd/init.go:202.17,204.4 1 0
github.com/maiko/sdbx/cmd/sdbx/cmd/init.go:205.3,205.31 1 0
github.com/maiko/sdbx/cmd/sdbx/cmd/init.go:209.2,210.16 2 0
github.com/maiko/sdbx/cmd/sdbx/cmd/init.go:210.16,212.3 1 0
github.com/maiko/sdbx/cmd/sdbx/cmd/init.go:215.2,219.39 4 0
github.com/maiko/sdbx/cmd/sdbx/cmd/init.go:219.39,221.3 1 0
github.com/maiko/sdbx/cmd/sdbx/cmd/init.go:224.2,224.36 1 0
github.com/maiko/sdbx/cmd/sdbx/cmd/init.go:224.36,225.46 1 0
github.com/maiko/sdbx/cmd/sdbx/cmd/init.go:225.46,227.4 1 0
github.com/maiko/sdbx/cmd/sdbx/cmd/init.go:231.2,234.12 3 0
github.com/maiko/sdbx/cmd/sdbx/cmd/init.go:237.66,251.23 3 0
github.com/maiko/sdbx/cmd/sdbx/cmd/init.go:251.23,258.3 6 0
github.com/maiko/sdbx/cmd/sdbx/cmd/init.go:261.2,269.35 2 0
github.com/maiko/sdbx/cmd/sdbx/cmd/init.go:269.35,270.17 1 0
github.com/maiko/sdbx/cmd/sdbx/cmd/init.go:270.17,272.7 1 0
github.com/maiko/sdbx/cmd/sdbx/cmd/init.go:273.6,273.16 1 0
github.com/maiko/sdbx/cmd/sdbx/cmd/init.go:297.2,297.36 1 0
github.com/maiko/sdbx/cmd/sdbx/cmd/init.go:297.36,299.3 1 0
github.com/maiko/sdbx/cmd/sdbx/cmd/init.go:302.2,302.56 1 0
github.com/maiko/sdbx/cmd/sdbx/cmd/init.go:302.56,312.46 2 0
github.com/maiko/sdbx/cmd/sdbx/cmd/init.go:312.46,314.4 1 0
github.com/maiko/sdbx/cmd/sdbx/cmd/init.go:318.2,318.53 1 0
github.com/maiko/sdbx/cmd/sdbx/cmd/init.go:318.53,319.53 1 0
github.com/maiko/sdbx/cmd/sdbx/cmd/init.go:319.53,321.4 1 0
github.com/maiko/sdbx/cmd/sdbx/cmd/init.go:325.2,342.35 4 0
github.com/maiko/sdbx/cmd/sdbx/cmd/init.go:342.35,343.20 1 0
github.com/maiko/sdbx/cmd/sdbx/cmd/init.go:343.20,345.7 1 0
github.com/maiko/sdbx/cmd/sdbx/cmd/init.go:346.6,346.16 1 0
github.com/maiko/sdbx/cmd/sdbx/cmd/init.go:351.2,351.39 1 0
github.com/maiko/sdbx/cmd/sdbx/cmd/init.go:351.39,353.3 1 0
github.com/maiko/sdbx/cmd/sdbx/cmd/init.go:356.2,357.16 2 0
github.com/maiko/sdbx/cmd/sdbx/cmd/init.go:357.16,359.3 1 0
github.com/maiko/sdbx/cmd/sdbx/cmd/init.go:360.2,387.36 5 0
github.com/maiko/sdbx/cmd/sdbx/cmd/init.go:387.36,389.3 1 0
github.com/maiko/sdbx/cmd/sdbx/cmd/init.go:392.2,404.38 5 0
github.com/maiko/sdbx/cmd/sdbx/cmd/init.go:404.38,406.3 1 0
github.com/maiko/sdbx/cmd/sdbx/cmd/init.go:408.2,411.13 2 0
github.com/maiko/sdbx/cmd/sdbx/cmd/init.go:411.13,414.49 2 0
github.com/maiko/sdbx/cmd/sdbx/cmd/init.go:414.49,417.4 2 0
github.com/maiko/sdbx/cmd/sdbx/cmd/init.go:419.3,435.37 2 0
github.com/maiko/sdbx/cmd/sdbx/cmd/init.go:435.37,437.4 1 0
github.com/maiko/sdbx/cmd/sdbx/cmd/init.go:440.3,441.10 2 0
github.com/maiko/sdbx/cmd/sdbx/cmd/init.go:441.10,443.4 1 0
github.com/maiko/sdbx/cmd/sdbx/cmd/init.go:446.3,447.26 2 0
github.com/maiko/sdbx/cmd/sdbx/cmd/init.go:447.26,449.4 1 0
github.com/maiko/sdbx/cmd/sdbx/cmd/init.go:450.3,450.31 1 0
github.com/maiko/sdbx/cmd/sdbx/cmd/init.go:450.31,452.4 1 0
github.com/maiko/sdbx/cmd/sdbx/cmd/init.go:455.3,465.40 2 0
github.com/maiko/sdbx/cmd/sdbx/cmd/init.go:465.40,467.4 1 0
github.com/maiko/sdbx/cmd/sdbx/cmd/init.go:470.3,470.33 1 0
github.com/maiko/sdbx/cmd/sdbx/cmd/init.go:470.33,472.28 2 0
github.com/maiko/sdbx/cmd/sdbx/cmd/init.go:472.28,474.5 1 0
github.com/maiko/sdbx/cmd/sdbx/cmd/init.go:478.3,478.62 1 0
github.com/maiko/sdbx/cmd/sdbx/cmd/init.go:478.62,480.4 1 0
github.com/maiko/sdbx/cmd/sdbx/cmd/init.go:484.2,496.36 4 0
github.com/maiko/sdbx/cmd/sdbx/cmd/init.go:496.36,498.3 1 0
github.com/maiko/sdbx/cmd/sdbx/cmd/init.go:501.2,504.16 4 0
github.com/maiko/sdbx/cmd/sdbx/cmd/init.go:504.16,506.3 1 0
github.com/maiko/sdbx/cmd/sdbx/cmd/init.go:508.2,519.36 3 0
github.com/maiko/sdbx/cmd/sdbx/cmd/init.go:519.36,521.3 1 0
github.com/maiko/sdbx/cmd/sdbx/cmd/init.go:523.2,527.99 2 0
github.com/maiko/sdbx/cmd/sdbx/cmd/init.go:527.99,540.48 3 0
github.com/maiko/sdbx/cmd/sdbx/cmd/init.go:540.48,542.4 1 0
github.com/maiko/sdbx/cmd/sdbx/cmd/init.go:544.3,544.20 1 0
github.com/maiko/sdbx/cmd/sdbx/cmd/init.go:544.20,552.55 4 0
github.com/maiko/sdbx/cmd/sdbx/cmd/init.go:552.55,560.5 2 0
github.com/maiko/sdbx/cmd/sdbx/cmd/init.go:560.10,560.57 1 0
github.com/maiko/sdbx/cmd/sdbx/cmd/init.go:560.57,566.5 2 0
github.com/maiko/sdbx/cmd/sdbx/cmd/init.go:566.10,572.5 2 0
github.com/maiko/sdbx/cmd/sdbx/cmd/init.go:574.4,587.45 2 0
github.com/maiko/sdbx/cmd/sdbx/cmd/init.go:587.45,589.5 1 0
github.com/maiko/sdbx/cmd/sdbx/cmd/init.go:594.2,602.21 5 0
github.com/maiko/sdbx/cmd/sdbx/cmd/init.go:602.21,604.3 1 0
github.com/maiko/sdbx/cmd/sdbx/cmd/init.go:606.2,606.14 1 0
github.com/maiko/sdbx/cmd/sdbx/cmd/init.go:606.14,608.3 1 0
github.com/maiko/sdbx/cmd/sdbx/cmd/init.go:610.2,610.12 1 0
github.com/maiko/sdbx/cmd/sdbx/cmd/init.go:614.76,617.16 3 0
github.com/maiko/sdbx/cmd/sdbx/cmd/init.go:617.16,619.3 1 0
github.com/maiko/sdbx/cmd/sdbx/cmd/init.go:621.2,622.31 2 0
github.com/maiko/sdbx/cmd/sdbx/cmd/init.go:622.31,623.18 1 0
github.com/maiko/sdbx/cmd/sdbx/cmd/init.go:623.18,626.4 2 0
github.com/maiko/sdbx/cmd/sdbx/cmd/init.go:629.2,629.21 1 0
github.com/maiko/sdbx/cmd/sdbx/cmd/init.go:633.39,634.17 1 1
github.com/maiko/sdbx/cmd/sdbx/cmd/init.go:634.17,636.3 1 1
github.com/maiko/sdbx/cmd/sdbx/cmd/init.go:637.2,637.39 1 1
github.com/maiko/sdbx/cmd/sdbx/cmd/init.go:641.45,658.40 6 0
github.com/maiko/sdbx/cmd/sdbx/cmd/init.go:658.40,660.3 1 0
github.com/maiko/sdbx/cmd/sdbx/cmd/init.go:662.2,667.56 5 0
github.com/maiko/sdbx/cmd/sdbx/cmd/init.go:667.56,669.3 1 0
github.com/maiko/sdbx/cmd/sdbx/cmd/init.go:671.2,673.20 2 0
github.com/maiko/sdbx/cmd/sdbx/cmd/init.go:673.20,675.27 2 0
github.com/maiko/sdbx/cmd/sdbx/cmd/init.go:675.27,677.4 1 0
github.com/maiko/sdbx/cmd/sdbx/cmd/init.go:678.3,678.27 1 0
github.com/maiko/sdbx/cmd/sdbx/cmd/init.go:679.8,681.3 1 0
github.com/maiko/sdbx/cmd/sdbx/cmd/init.go:683.2,685.25 2 0
github.com/maiko/sdbx/cmd/sdbx/cmd/init.go:685.25,687.3 1 0
github.com/maiko/sdbx/cmd/sdbx/cmd/init.go:689.2,689.15 1 0
github.com/maiko/sdbx/cmd/sdbx/cmd/init.go:693.46,699.56 4 0
github.com/maiko/sdbx/cmd/sdbx/cmd/init.go:699.56,700.35 1 0
github.com/maiko/sdbx/cmd/sdbx/cmd/init.go:700.35,702.4 1 0
github.com/maiko/sdbx/cmd/sdbx/cmd/init.go:702.9,704.4 1 0
github.com/maiko/sdbx/cmd/sdbx/cmd/init.go:705.8,707.3 1 0
github.com/maiko/sdbx/cmd/sdbx/cmd/init.go:709.2,713.88 3 0
github.com/maiko/sdbx/cmd/sdbx/cmd/init.go:713.88,716.3 2 0
github.com/maiko/sdbx/cmd/sdbx/cmd/init.go:719.2,719.41 1 0
github.com/maiko/sdbx/cmd/sdbx/cmd/init.go:719.41,721.3 1 0
github.com/maiko/sdbx/cmd/sdbx/cmd/init.go:721.8,723.3 1 0
github.com/maiko/sdbx/cmd/sdbx/cmd/init.go:724.2,733.15 7 0
github.com/maiko/sdbx/cmd/sdbx/cmd/init.go:737.58,739.43 2 0
github.com/maiko/sdbx/cmd/sdbx/cmd/init.go:739.43,741.3 1 0
github.com/maiko/sdbx/cmd/sdbx/cmd/init.go:744.2,754.105 8 0
github.com/maiko/sdbx/cmd/sdbx/cmd/init.go:758.83,759.27 1 0
github.com/maiko/sdbx/cmd/sdbx/cmd/init.go:760.30,761.51 1 0
github.com/maiko/sdbx/cmd/sdbx/cmd/init.go:762.27,763.48 1 0
github.com/maiko/sdbx/cmd/sdbx/cmd/init.go:764.31,765.52 1 0
github.com/maiko/sdbx/cmd/sdbx/cmd/init.go:766.28,771.13 4 0
github.com/maiko/sdbx/cmd/sdbx/cmd/init.go:772.10,773.68 1 0
github.com/maiko/sdbx/cmd/sdbx/cmd/init.go:778.88,780.25 2 0
github.com/maiko/sdbx/cmd/sdbx/cmd/init.go:780.25,782.3 1 0
github.com/maiko/sdbx/cmd/sdbx/cmd/init.go:783.2,784.25 2 0
github.com/maiko/sdbx/cmd/sdbx/cmd/init.go:784.25,786.3 1 0
github.com/maiko/sdbx/cmd/sdbx/cmd/init.go:788.2,801.19 2 0
github.com/maiko/sdbx/cmd/sdbx/cmd/init.go:805.85,807.22 2 0
github.com/maiko/sdbx/cmd/sdbx/cmd/init.go:807.22,809.3 1 0
github.com/maiko/sdbx/cmd/sdbx/cmd/init.go:811.2,820.19 2 0
github.com/maiko/sdbx/cmd/sdbx/cmd/init.go:824.89,827.32 1 0
github.com/maiko/sdbx/cmd/sdbx/cmd/init.go:827.32,829.21 2 0
github.com/maiko/sdbx/cmd/sdbx/cmd/init.go:829.21,831.4 1 0
github.com/maiko/sdbx/cmd/sdbx/cmd/init.go:833.3,842.20 2 0
github.com/maiko/sdbx/cmd/sdbx/cmd/init.go:846.2,846.50 1 0
github.com/maiko/sdbx/cmd/sdbx/cmd/init.go:850.55,874.35 4 0
github.com/maiko/sdbx/cmd/sdbx/cmd/init.go:874.35,876.3 1 0
github.com/maiko/sdbx/cmd/sdbx/cmd/init.go:878.2,878.15 1 0
github.com/maiko/sdbx/cmd/sdbx/cmd/init.go:878.15,880.3 1 0
github.com/maiko/sdbx/cmd/sdbx/cmd/init.go:882.2,892.19 2 0
github.com/maiko/sdbx/cmd/sdbx/cmd/lock.go:63.13,68.2 4 1
github.com/maiko/sdbx/cmd/sdbx/cmd/lock.go:70.58,74.16 3 0
github.com/maiko/sdbx/cmd/sdbx/cmd/lock.go:74.16,76.3 1 0
github.com/maiko/sdbx/cmd/sdbx/cmd/lock.go:78.2,79.16 2 0
github.com/maiko/sdbx/cmd/sdbx/cmd/lock.go:79.16,81.3 1 0
github.com/maiko/sdbx/cmd/sdbx/cmd/lock.go:84.2,85.16 2 0
github.com/maiko/sdbx/cmd/sdbx/cmd/lock.go:85.16,87.3 1 0
github.com/maiko/sdbx/cmd/sdbx/cmd/lock.go:90.2,91.68 2 0
github.com/maiko/sdbx/cmd/sdbx/cmd/lock.go:91.68,93.3 1 0
github.com/maiko/sdbx/cmd/sdbx/cmd/lock.go:96.2,96.20 1 0
github.com/maiko/sdbx/cmd/sdbx/cmd/lock.go:96.20,98.3 1 0
github.com/maiko/sdbx/cmd/sdbx/cmd/lock.go:100.2,107.12 4 0
github.com/maiko/sdbx/cmd/sdbx/cmd/lock.go:110.56,114.16 3 0
github.com/maiko/sdbx/cmd/sdbx/cmd/lock.go:114.16,116.3 1 0
github.com/maiko/sdbx/cmd/sdbx/cmd/lock.go:118.2,119.16 2 0
github.com/maiko/sdbx/cmd/sdbx/cmd/lock.go:119.16,121.3 1 0
github.com/maiko/sdbx/cmd/sdbx/cmd/lock.go:124.2,126.16 3 0
github.com/maiko/sdbx/cmd/sdbx/cmd/lock.go:126.16,127.25 1 0
github.com/maiko/sdbx/cmd/sdbx/cmd/lock.go:127.25,132.4 4 0
github.com/maiko/sdbx/cmd/sdbx/cmd/lock.go:133.3,133.57 1 0
github.com/maiko/sdbx/cmd/sdbx/cmd/lock.go:137.2,138.16 2 0
github.com/maiko/sdbx/cmd/sdbx/cmd/lock.go:138.16,140.3 1 0
github.com/maiko/sdbx/cmd/sdbx/cmd/lock.go:143.2,146.20 2 0
github.com/maiko/sdbx/cmd/sdbx/cmd/lock.go:146.20,151.44 2 0
github.com/maiko/sdbx/cmd/sdbx/cmd/lock.go:151.44,153.4 1 0
github.com/maiko/sdbx/cmd/sdbx/cmd/lock.go:154.3,154.21 1 0
github.com/maiko/sdbx/cmd/sdbx/cmd/lock.go:154.21,156.4 1 0
github.com/maiko/sdbx/cmd/sdbx/cmd/lock.go:157.3,157.13 1 0
github.com/maiko/sdbx/cmd/sdbx/cmd/lock.go:160.2,160.21 1 0
github.com/maiko/sdbx/cmd/sdbx/cmd/lock.go:160.21,163.3 2 0
github.com/maiko/sdbx/cmd/sdbx/cmd/lock.go:165.2,167.29 3 0
github.com/maiko/sdbx/cmd/sdbx/cmd/lock.go:167.29,169.3 1 0
github.com/maiko/sdbx/cmd/sdbx/cmd/lock.go:170.2,173.65 3 0
github.com/maiko/sdbx/cmd/sdbx/cmd/lock.go:176.54,180.16 3 0
github.com/maiko/sdbx/cmd/sdbx/cmd/lock.go:180.16,182.3 1 0
github.com/maiko/sdbx/cmd/sdbx/cmd/lock.go:184.2,185.16 2 0
github.com/maiko/sdbx/cmd/sdbx/cmd/lock.go:185.16,187.3 1 0
github.com/maiko/sdbx/cmd/sdbx/cmd/lock.go:190.2,192.16 3 0
github.com/maiko/sdbx/cmd/sdbx/cmd/lock.go:192.16,193.25 1 0
github.com/maiko/sdbx/cmd/sdbx/cmd/lock.go:193.25,199.18 4 0
github.com/maiko/sdbx/cmd/sdbx/cmd/lock.go:199.18,201.5 1 0
github.com/maiko/sdbx/cmd/sdbx/cmd/lock.go:203.4,203.44 1 0
github.com/maiko/sdbx/cmd/sdbx/cmd/lock.go:203.44,205.5 1 0
github.com/maiko/sdbx/cmd/sdbx/cmd/lock.go:206.4,206.46 1 0
github.com/maiko/sdbx/cmd/sdbx/cmd/lock.go:206.46,208.5 1 0
github.com/maiko/sdbx/cmd/sdbx/cmd/lock.go:209.4,209.14 1 0
github.com/maiko/sdbx/cmd/sdbx/cmd/lock.go:211.3,211.57 1 0
github.com/maiko/sdbx/cmd/sdbx/cmd/lock.go:215.2,216.16 2 0
github.com/maiko/sdbx/cmd/sdbx/cmd/lock.go:216.16,218.3 1 0
github.com/maiko/sdbx/cmd/sdbx/cmd/lock.go:221.2,224.20 2 0
github.com/maiko/sdbx/cmd/sdbx/cmd/lock.go:224.20,226.3 1 0
github.com/maiko/sdbx/cmd/sdbx/cmd/lock.go:228.2,228.21 1 0
github.com/maiko/sdbx/cmd/sdbx/cmd/lock.go:228.21,231.3 2 0
github.com/maiko/sdbx/cmd/sdbx/cmd/lock.go:233.2,236.29 3 0
github.com/maiko/sdbx/cmd/sdbx/cmd/lock.go:236.29,238.20 2 0
github.com/maiko/sdbx/cmd/sdbx/cmd/lock.go:239.16,240.39 1 0
github.com/maiko/sdbx/cmd/sdbx/cmd/lock.go:241.18,242.37 1 0
github.com/maiko/sdbx/cmd/sdbx/cmd/lock.go:243.18,244.39 1 0
github.com/maiko/sdbx/cmd/sdbx/cmd/lock.go:245.11,246.14 1 0
github.com/maiko/sdbx/cmd/sdbx/cmd/lock.go:248.3,248.50 1 0
github.com/maiko/sdbx/cmd/sdbx/cmd/lock.go:251.2,251.12 1 0
github.com/maiko/sdbx/cmd/sdbx/cmd/lock.go:254.59,258.16 3 0
github.com/maiko/sdbx/cmd/sdbx/cmd/lock.go:258.16,260.3 1 0
github.com/maiko/sdbx/cmd/sdbx/cmd/lock.go:262.2,263.16 2 0
github.com/maiko/sdbx/cmd/sdbx/cmd/lock.go:263.16,265.3 1 0
github.com/maiko/sdbx/cmd/sdbx/cmd/lock.go:268.2,270.16 3 0
github.com/maiko/sdbx/cmd/sdbx/cmd/lock.go:270.16,271.25 1 0
github.com/maiko/sdbx/cmd/sdbx/cmd/lock.go:271.25,274.4 1 0
github.com/maiko/sdbx/cmd/sdbx/cmd/lock.go:275.3,275.57 1 0
github.com/maiko/sdbx/cmd/sdbx/cmd/lock.go:278.2,279.19 2 0
github.com/maiko/sdbx/cmd/sdbx/cmd/lock.go:279.19,281.3 1 0
github.com/maiko/sdbx/cmd/sdbx/cmd/lock.go:284.2,285.16 2 0
github.com/maiko/sdbx/cmd/sdbx/cmd/lock.go:285.16,287.3 1 0
github.com/maiko/sdbx/cmd/sdbx/cmd/lock.go:290.2,290.67 1 0
github.com/maiko/sdbx/cmd/sdbx/cmd/lock.go:290.67,292.3 1 0
github.com/maiko/sdbx/cmd/sdbx/cmd/lock.go:295.2,295.20 1 0
github.com/maiko/sdbx/cmd/sdbx/cmd/lock.go:295.20,297.3 1 0
github.com/maiko/sdbx/cmd/sdbx/cmd/lock.go:299.2,299.31 1 0
github.com/maiko/sdbx/cmd/sdbx/cmd/lock.go:299.31,301.3 1 0
github.com/maiko/sdbx/cmd/sdbx/cmd/lock.go:301.8,303.3 1 0
github.com/maiko/sdbx/cmd/sdbx/cmd/lock.go:305.2,305.12 1 0
github.com/maiko/sdbx/cmd/sdbx/cmd/logs.go:33.13,37.2 3 1
github.com/maiko/sdbx/cmd/sdbx/cmd/logs.go:39.53,42.16 2 0
github.com/maiko/sdbx/cmd/sdbx/cmd/logs.go:42.16,44.3 1 0
github.com/maiko/sdbx/cmd/sdbx/cmd/logs.go:46.2,47.19 2 0
github.com/maiko/sdbx/cmd/sdbx/cmd/logs.go:47.19,49.3 1 0
github.com/maiko/sdbx/cmd/sdbx/cmd/logs.go:52.2,52.16 1 0
github.com/maiko/sdbx/cmd/sdbx/cmd/logs.go:52.16,54.19 2 0
github.com/maiko/sdbx/cmd/sdbx/cmd/logs.go:54.19,56.4 1 0
github.com/maiko/sdbx/cmd/sdbx/cmd/logs.go:57.3,57.20 1 0
github.com/maiko/sdbx/cmd/sdbx/cmd/logs.go:57.20,59.4 1 0
github.com/maiko/sdbx/cmd/sdbx/cmd/logs.go:61.3,65.23 5 0
github.com/maiko/sdbx/cmd/sdbx/cmd/logs.go:69.2,73.16 4 0
github.com/maiko/sdbx/cmd/sdbx/cmd/logs.go:73.16,75.3 1 0
github.com/maiko/sdbx/cmd/sdbx/cmd/logs.go:77.2,78.12 2 0
github.com/maiko/sdbx/cmd/sdbx/cmd/open.go:31.13,33.2 1 1
github.com/maiko/sdbx/cmd/sdbx/cmd/open.go:42.53,44.16 2 0
github.com/maiko/sdbx/cmd/sdbx/cmd/open.go:44.16,46.3 1 0
github.com/maiko/sdbx/cmd/sdbx/cmd/open.go:48.2,49.32 2 0
github.com/maiko/sdbx/cmd/sdbx/cmd/open.go:49.32,51.3 1 0
github.com/maiko/sdbx/cmd/sdbx/cmd/open.go:52.2,52.18 1 0
github.com/maiko/sdbx/cmd/sdbx/cmd/open.go:52.18,54.3 1 0
github.com/maiko/sdbx/cmd/sdbx/cmd/open.go:56.2,60.16 3 0
github.com/maiko/sdbx/cmd/sdbx/cmd/open.go:60.16,62.3 1 0
github.com/maiko/sdbx/cmd/sdbx/cmd/open.go:65.2,66.31 2 0
github.com/maiko/sdbx/cmd/sdbx/cmd/open.go:66.31,68.16 2 0
github.com/maiko/sdbx/cmd/sdbx/cmd/open.go:68.16,75.20 2 0
github.com/maiko/sdbx/cmd/sdbx/cmd/open.go:76.23,77.37 1 0
github.com/maiko/sdbx/cmd/sdbx/cmd/open.go:78.20,79.38 1 0
github.com/maiko/sdbx/cmd/sdbx/cmd/open.go:80.20,81.38 1 0
github.com/maiko/sdbx/cmd/sdbx/cmd/open.go:87.2,87.20 1 0
github.com/maiko/sdbx/cmd/sdbx/cmd/open.go:87.20,101.32 4 0
github.com/maiko/sdbx/cmd/sdbx/cmd/open.go:101.32,102.40 1 0
github.com/maiko/sdbx/cmd/sdbx/cmd/open.go:102.40,104.45 2 0
github.com/maiko/sdbx/cmd/sdbx/cmd/open.go:104.45,106.6 1 0
github.com/maiko/sdbx/cmd/sdbx/cmd/open.go:106.11,108.6 1 0
github.com/maiko/sdbx/cmd/sdbx/cmd/open.go:113.3,123.37 3 0
github.com/maiko/sdbx/cmd/sdbx/cmd/open.go:123.37,125.22 2 0
github.com/maiko/sdbx/cmd/sdbx/cmd/open.go:125.22,126.13 1 0
github.com/maiko/sdbx/cmd/sdbx/cmd/open.go:130.4,130.41 1 0
github.com/maiko/sdbx/cmd/sdbx/cmd/open.go:130.41,132.5 1 0
github.com/maiko/sdbx/cmd/sdbx/cmd/open.go:134.4,135.29 2 0
github.com/maiko/sdbx/cmd/sdbx/cmd/open.go:135.29,137.5 1 0
github.com/maiko/sdbx/cmd/sdbx/cmd/open.go:138.4,138.17 1 0
github.com/maiko/sdbx/cmd/sdbx/cmd/open.go:141.3,141.13 1 0
github.com/maiko/sdbx/cmd/sdbx/cmd/open.go:145.2,147.9 3 0
github.com/maiko/sdbx/cmd/sdbx/cmd/open.go:147.9,149.3 1 0
github.com/maiko/sdbx/cmd/sdbx/cmd/open.go:151.2,152.30 2 0
github.com/maiko/sdbx/cmd/sdbx/cmd/open.go:156.109,158.16 2 0
github.com/maiko/sdbx/cmd/sdbx/cmd/open.go:158.16,160.3 1 0
github.com/maiko/sdbx/cmd/sdbx/cmd/open.go:162.2,163.16 2 0
github.com/maiko/sdbx/cmd/sdbx/cmd/open.go:163.16,165.3 1 0
github.com/maiko/sdbx/cmd/sdbx/cmd/open.go:167.2,168.35 2 0
github.com/maiko/sdbx/cmd/sdbx/cmd/open.go:168.35,170.51 2 0
github.com/maiko/sdbx/cmd/sdbx/cmd/open.go:170.51,177.4 1 0
github.com/maiko/sdbx/cmd/sdbx/cmd/open.go:180.2,180.20 1 0
github.com/maiko/sdbx/cmd/sdbx/cmd/open.go:184.36,187.22 2 0
github.com/maiko/sdbx/cmd/sdbx/cmd/open.go:188.16,189.34 1 0
github.com/maiko/sdbx/cmd/sdbx/cmd/open.go:190.15,191.38 1 0
github.com/maiko/sdbx/cmd/sdbx/cmd/open.go:192.17,193.48 1 0
github.com/maiko/sdbx/cmd/sdbx/cmd/open.go:194.10,195.44 1 0
github.com/maiko/sdbx/cmd/sdbx/cmd/open.go:198.2,198.20 1 0
github.com/maiko/sdbx/cmd/sdbx/cmd/restart.go:27.13,29.2 1 1
github.com/maiko/sdbx/cmd/sdbx/cmd/restart.go:31.56,34.16 2 0
github.com/maiko/sdbx/cmd/sdbx/cmd/restart.go:34.16,36.3 1 0
github.com/maiko/sdbx/cmd/sdbx/cmd/restart.go:38.2,41.20 3 0
github.com/maiko/sdbx/cmd/sdbx/cmd/restart.go:41.20,45.50 3 0
github.com/maiko/sdbx/cmd/sdbx/cmd/restart.go:45.50,47.4 1 0
github.com/maiko/sdbx/cmd/sdbx/cmd/restart.go:49.3,50.131 2 0
github.com/maiko/sdbx/cmd/sdbx/cmd/restart.go:51.8,52.32 1 0
github.com/maiko/sdbx/cmd/sdbx/cmd/restart.go:52.32,54.56 2 0
github.com/maiko/sdbx/cmd/sdbx/cmd/restart.go:54.56,56.5 1 0
github.com/maiko/sdbx/cmd/sdbx/cmd/restart.go:56.10,58.5 1 0
github.com/maiko/sdbx/cmd/sdbx/cmd/restart.go:62.2,62.12 1 0
github.com/maiko/sdbx/cmd/sdbx/cmd/root.go:42.22,44.2 1 0
github.com/maiko/sdbx/cmd/sdbx/cmd/root.go:46.13,55.94 5 1
github.com/maiko/sdbx/cmd/sdbx/cmd/root.go:55.94,56.60 1 0
github.com/maiko/sdbx/cmd/sdbx/cmd/root.go:58.2,58.90 1 1
github.com/maiko/sdbx/cmd/sdbx/cmd/root.go:58.90,59.58 1 0
github.com/maiko/sdbx/cmd/sdbx/cmd/root.go:64.19,65.19 1 0
github.com/maiko/sdbx/cmd/sdbx/cmd/root.go:65.19,67.3 1 0
github.com/maiko/sdbx/cmd/sdbx/cmd/root.go:67.8,72.3 3 0
github.com/maiko/sdbx/cmd/sdbx/cmd/root.go:75.2,79.26 3 0
github.com/maiko/sdbx/cmd/sdbx/cmd/root.go:83.26,85.22 1 0
github.com/maiko/sdbx/cmd/sdbx/cmd/root.go:85.22,87.3 1 0
github.com/maiko/sdbx/cmd/sdbx/cmd/root.go:89.2,90.51 2 0
github.com/maiko/sdbx/cmd/sdbx/cmd/root.go:94.26,96.2 1 1
github.com/maiko/sdbx/cmd/sdbx/cmd/root.go:100.41,102.16 2 1
github.com/maiko/sdbx/cmd/sdbx/cmd/root.go:102.16,104.3 1 0
github.com/maiko/sdbx/cmd/sdbx/cmd/root.go:105.2,106.12 2 1
github.com/maiko/sdbx/cmd/sdbx/cmd/root.go:111.52,113.2 1 1
github.com/maiko/sdbx/cmd/sdbx/cmd/serve.go:34.13,39.2 3 1
github.com/maiko/sdbx/cmd/sdbx/cmd/serve.go:41.56,44.16 2 0
github.com/maiko/sdbx/cmd/sdbx/cmd/serve.go:44.16,46.3 1 0
github.com/maiko/sdbx/cmd/sdbx/cmd/serve.go:49.2,56.21 2 0
github.com/maiko/sdbx/cmd/sdbx/cmd/source.go:82.13,94.2 9 1
github.com/maiko/sdbx/cmd/sdbx/cmd/source.go:96.56,100.20 2 0
github.com/maiko/sdbx/cmd/sdbx/cmd/source.go:100.20,102.3 1 0
github.com/maiko/sdbx/cmd/sdbx/cmd/source.go:104.2,111.34 5 0
github.com/maiko/sdbx/cmd/sdbx/cmd/source.go:111.34,113.26 2 0
github.com/maiko/sdbx/cmd/sdbx/cmd/source.go:113.26,115.4 1 0
github.com/maiko/sdbx/cmd/sdbx/cmd/source.go:117.3,122.4 1 0
github.com/maiko/sdbx/cmd/sdbx/cmd/source.go:125.2,133.12 4 0
github.com/maiko/sdbx/cmd/sdbx/cmd/source.go:136.58,143.34 4 0
github.com/maiko/sdbx/cmd/sdbx/cmd/source.go:143.34,144.23 1 0
github.com/maiko/sdbx/cmd/sdbx/cmd/source.go:144.23,146.4 1 0
github.com/maiko/sdbx/cmd/sdbx/cmd/source.go:150.2,150.24 1 0
github.com/maiko/sdbx/cmd/sdbx/cmd/source.go:150.24,158.21 7 0
github.com/maiko/sdbx/cmd/sdbx/cmd/source.go:158.21,162.42 4 0
github.com/maiko/sdbx/cmd/sdbx/cmd/source.go:162.42,164.5 1 0
github.com/maiko/sdbx/cmd/sdbx/cmd/source.go:169.2,182.46 3 0
github.com/maiko/sdbx/cmd/sdbx/cmd/source.go:182.46,184.3 1 0
github.com/maiko/sdbx/cmd/sdbx/cmd/source.go:186.2,190.12 4 0
github.com/maiko/sdbx/cmd/sdbx/cmd/source.go:193.61,197.46 2 0
github.com/maiko/sdbx/cmd/sdbx/cmd/source.go:197.46,199.3 1 0
github.com/maiko/sdbx/cmd/sdbx/cmd/source.go:201.2,206.34 4 0
github.com/maiko/sdbx/cmd/sdbx/cmd/source.go:206.34,207.23 1 0
github.com/maiko/sdbx/cmd/sdbx/cmd/source.go:207.23,209.12 2 0
github.com/maiko/sdbx/cmd/sdbx/cmd/source.go:211.3,211.39 1 0
github.com/maiko/sdbx/cmd/sdbx/cmd/source.go:214.2,214.12 1 0
github.com/maiko/sdbx/cmd/sdbx/cmd/source.go:214.12,216.3 1 0
github.com/maiko/sdbx/cmd/sdbx/cmd/source.go:218.2,221.46 2 0
github.com/maiko/sdbx/cmd/sdbx/cmd/source.go:221.46,223.3 1 0
github.com/maiko/sdbx/cmd/sdbx/cmd/source.go:225.2,227.12 2 0
github.com/maiko/sdbx/cmd/sdbx/cmd/source.go:230.61,232.16 2 0
github.com/maiko/sdbx/cmd/sdbx/cmd/source.go:232.16,234.3 1 0
github.com/maiko/sdbx/cmd/sdbx/cmd/source.go:236.2,238.20 2 0
github.com/maiko/sdbx/cmd/sdbx/cmd/source.go:238.20,242.17 3 0
github.com/maiko/sdbx/cmd/sdbx/cmd/source.go:242.17,244.4 1 0
github.com/maiko/sdbx/cmd/sdbx/cmd/source.go:246.3,247.41 2 0
github.com/maiko/sdbx/cmd/sdbx/cmd/source.go:247.41,249.4 1 0
github.com/maiko/sdbx/cmd/sdbx/cmd/source.go:251.3,251.93 1 0
github.com/maiko/sdbx/cmd/sdbx/cmd/source.go:252.8,262.31 6 0
github.com/maiko/sdbx/cmd/sdbx/cmd/source.go:262.31,263.57 1 0
github.com/maiko/sdbx/cmd/sdbx/cmd/source.go:263.57,264.13 1 0
github.com/maiko/sdbx/cmd/sdbx/cmd/source.go:266.4,266.29 1 0
github.com/maiko/sdbx/cmd/sdbx/cmd/source.go:269.3,272.31 4 0
github.com/maiko/sdbx/cmd/sdbx/cmd/source.go:272.31,273.57 1 0
github.com/maiko/sdbx/cmd/sdbx/cmd/source.go:273.57,274.13 1 0
github.com/maiko/sdbx/cmd/sdbx/cmd/source.go:277.4,277.42 1 0
github.com/maiko/sdbx/cmd/sdbx/cmd/source.go:277.42,280.5 2 0
github.com/maiko/sdbx/cmd/sdbx/cmd/source.go:280.10,283.5 2 0
github.com/maiko/sdbx/cmd/sdbx/cmd/source.go:284.4,284.9 1 0
github.com/maiko/sdbx/cmd/sdbx/cmd/source.go:287.3,289.18 2 0
github.com/maiko/sdbx/cmd/sdbx/cmd/source.go:289.18,292.4 1 0
github.com/maiko/sdbx/cmd/sdbx/cmd/source.go:292.9,295.4 1 0
github.com/maiko/sdbx/cmd/sdbx/cmd/source.go:296.3,296.16 1 0
github.com/maiko/sdbx/cmd/sdbx/cmd/source.go:299.2,299.12 1 0
github.com/maiko/sdbx/cmd/sdbx/cmd/source.go:302.59,306.16 3 0
github.com/maiko/sdbx/cmd/sdbx/cmd/source.go:306.16,308.3 1 0
github.com/maiko/sdbx/cmd/sdbx/cmd/source.go:310.2,311.16 2 0
github.com/maiko/sdbx/cmd/sdbx/cmd/source.go:311.16,313.3 1 0
github.com/maiko/sdbx/cmd/sdbx/cmd/source.go:315.2,333.49 10 0
github.com/maiko/sdbx/cmd/sdbx/cmd/source.go:333.49,336.49 3 0
github.com/maiko/sdbx/cmd/sdbx/cmd/source.go:336.49,338.4 1 0
github.com/maiko/sdbx/cmd/sdbx/cmd/source.go:339.3,339.40 1 0
github.com/maiko/sdbx/cmd/sdbx/cmd/source.go:339.40,341.4 1 0
github.com/maiko/sdbx/cmd/sdbx/cmd/source.go:343.2,347.16 3 0
github.com/maiko/sdbx/cmd/sdbx/cmd/source.go:347.16,349.3 1 0
github.com/maiko/sdbx/cmd/sdbx/cmd/source.go:351.2,352.24 2 0
github.com/maiko/sdbx/cmd/sdbx/cmd/source.go:352.24,354.3 1 0
github.com/maiko/sdbx/cmd/sdbx/cmd/source.go:354.8,354.32 1 0
github.com/maiko/sdbx/cmd/sdbx/cmd/source.go:354.32,355.36 1 0
github.com/maiko/sdbx/cmd/sdbx/cmd/source.go:355.36,357.18 2 0
github.com/maiko/sdbx/cmd/sdbx/cmd/source.go:357.18,359.36 2 0
github.com/maiko/sdbx/cmd/sdbx/cmd/source.go:359.36,361.6 1 0
github.com/maiko/sdbx/cmd/sdbx/cmd/source.go:361.11,363.6 1 0
github.com/maiko/sdbx/cmd/sdbx/cmd/source.go:364.5,364.66 1 0
github.com/maiko/sdbx/cmd/sdbx/cmd/source.go:367.8,369.41 1 0
github.com/maiko/sdbx/cmd/sdbx/cmd/source.go:369.41,371.18 2 0
github.com/maiko/sdbx/cmd/sdbx/cmd/source.go:371.18,373.36 2 0
github.com/maiko/sdbx/cmd/sdbx/cmd/source.go:373.36,375.6 1 0
github.com/maiko/sdbx/cmd/sdbx/cmd/source.go:375.11,377.6 1 0
github.com/maiko/sdbx/cmd/sdbx/cmd/source.go:378.5,378.66 1 0
github.com/maiko/sdbx/cmd/sdbx/cmd/source.go:380.4,380.14 1 0
github.com/maiko/sdbx/cmd/sdbx/cmd/source.go:380.14,382.5 1 0
github.com/maiko/sdbx/cmd/sdbx/cmd/source.go:385.2,387.12 2 0
github.com/maiko/sdbx/cmd/sdbx/cmd/source.go:391.48,396.16 4 0
github.com/maiko/sdbx/cmd/sdbx/cmd/source.go:396.16,398.3 1 0
github.com/maiko/sdbx/cmd/sdbx/cmd/source.go:400.2,400.12 1 0
github.com/maiko/sdbx/cmd/sdbx/cmd/source.go:404.57,409.48 3 0
github.com/maiko/sdbx/cmd/sdbx/cmd/source.go:409.48,411.3 1 0
github.com/maiko/sdbx/cmd/sdbx/cmd/source.go:413.2,414.49 2 0
github.com/maiko/sdbx/cmd/sdbx/cmd/source.go:418.35,421.2 2 1
github.com/maiko/sdbx/cmd/sdbx/cmd/source.go:424.44,425.22 1 1
github.com/maiko/sdbx/cmd/sdbx/cmd/source.go:425.22,427.3 1 1
github.com/maiko/sdbx/cmd/sdbx/cmd/source.go:428.2,428.29 1 1
github.com/maiko/sdbx/cmd/sdbx/cmd/status.go:29.13,31.2 1 1
github.com/maiko/sdbx/cmd/sdbx/cmd/status.go:33.55,36.16 2 0
github.com/maiko/sdbx/cmd/sdbx/cmd/status.go:36.16,38.3 1 0
github.com/maiko/sdbx/cmd/sdbx/cmd/status.go:41.2,42.16 2 0
github.com/maiko/sdbx/cmd/sdbx/cmd/status.go:42.16,44.3 1 0
github.com/maiko/sdbx/cmd/sdbx/cmd/status.go:46.2,51.16 4 0
github.com/maiko/sdbx/cmd/sdbx/cmd/status.go:51.16,53.3 1 0
github.com/maiko/sdbx/cmd/sdbx/cmd/status.go:56.2,58.16 3 0
github.com/maiko/sdbx/cmd/sdbx/cmd/status.go:58.16,59.56 1 0
github.com/maiko/sdbx/cmd/sdbx/cmd/status.go:59.56,60.32 1 0
github.com/maiko/sdbx/cmd/sdbx/cmd/status.go:60.32,62.5 1 0
github.com/maiko/sdbx/cmd/sdbx/cmd/status.go:67.2,67.20 1 0
github.com/maiko/sdbx/cmd/sdbx/cmd/status.go:67.20,75.32 3 0
github.com/maiko/sdbx/cmd/sdbx/cmd/status.go:75.32,81.4 2 0
github.com/maiko/sdbx/cmd/sdbx/cmd/status.go:83.3,86.5 1 0
github.com/maiko/sdbx/cmd/sdbx/cmd/status.go:90.2,91.31 2 0
github.com/maiko/sdbx/cmd/sdbx/cmd/status.go:91.31,92.18 1 0
github.com/maiko/sdbx/cmd/sdbx/cmd/status.go:92.18,94.4 1 0
github.com/maiko/sdbx/cmd/sdbx/cmd/status.go:97.2,101.20 5 0
github.com/maiko/sdbx/cmd/sdbx/cmd/status.go:101.20,103.3 1 0
github.com/maiko/sdbx/cmd/sdbx/cmd/status.go:104.2,107.24 2 0
github.com/maiko/sdbx/cmd/sdbx/cmd/status.go:107.24,110.3 2 0
github.com/maiko/sdbx/cmd/sdbx/cmd/status.go:113.2,115.31 2 0
github.com/maiko/sdbx/cmd/sdbx/cmd/status.go:115.31,129.72 6 0
github.com/maiko/sdbx/cmd/sdbx/cmd/status.go:129.72,131.4 1 0
github.com/maiko/sdbx/cmd/sdbx/cmd/status.go:133.3,133.52 1 0
github.com/maiko/sdbx/cmd/sdbx/cmd/status.go:136.2,140.30 3 0
github.com/maiko/sdbx/cmd/sdbx/cmd/status.go:140.30,143.3 2 0
github.com/maiko/sdbx/cmd/sdbx/cmd/status.go:143.8,146.3 2 0
github.com/maiko/sdbx/cmd/sdbx/cmd/status.go:147.2,149.12 2 0
github.com/maiko/sdbx/cmd/sdbx/cmd/status.go:153.54,155.20 2 1
github.com/maiko/sdbx/cmd/sdbx/cmd/status.go:155.20,157.3 1 1
github.com/maiko/sdbx/cmd/sdbx/cmd/status.go:158.2,158.22 1 1
github.com/maiko/sdbx/cmd/sdbx/cmd/up.go:32.13,34.2 1 1
github.com/maiko/sdbx/cmd/sdbx/cmd/up.go:36.51,39.16 2 0
github.com/maiko/sdbx/cmd/sdbx/cmd/up.go:39.16,41.3 1 0
github.com/maiko/sdbx/cmd/sdbx/cmd/up.go:44.2,45.20 2 0
github.com/maiko/sdbx/cmd/sdbx/cmd/up.go:45.20,47.3 1 0
github.com/maiko/sdbx/cmd/sdbx/cmd/up.go:49.2,53.62 3 0
github.com/maiko/sdbx/cmd/sdbx/cmd/up.go:53.62,55.3 1 0
github.com/maiko/sdbx/cmd/sdbx/cmd/up.go:58.2,59.20 2 0
github.com/maiko/sdbx/cmd/sdbx/cmd/up.go:59.20,60.70 1 0
github.com/maiko/sdbx/cmd/sdbx/cmd/up.go:60.70,62.4 1 0
github.com/maiko/sdbx/cmd/sdbx/cmd/up.go:63.3,63.17 1 0
github.com/maiko/sdbx/cmd/sdbx/cmd/up.go:63.17,65.4 1 0
github.com/maiko/sdbx/cmd/sdbx/cmd/up.go:66.8,68.41 2 0
github.com/maiko/sdbx/cmd/sdbx/cmd/up.go:68.41,70.4 1 0
github.com/maiko/sdbx/cmd/sdbx/cmd/up.go:73.2,80.12 7 0
github.com/maiko/sdbx/cmd/sdbx/cmd/up.go:84.72,87.35 2 0
github.com/maiko/sdbx/cmd/sdbx/cmd/up.go:87.35,88.22 1 0
github.com/maiko/sdbx/cmd/sdbx/cmd/up.go:88.22,90.9 2 0
github.com/maiko/sdbx/cmd/sdbx/cmd/up.go:94.2,94.18 1 0
github.com/maiko/sdbx/cmd/sdbx/cmd/up.go:94.18,96.3 1 0
github.com/maiko/sdbx/cmd/sdbx/cmd/up.go:99.2,103.59 4 0
github.com/maiko/sdbx/cmd/sdbx/cmd/up.go:103.59,107.3 1 0
github.com/maiko/sdbx/cmd/sdbx/cmd/up.go:110.2,110.21 1 0
github.com/maiko/sdbx/cmd/sdbx/cmd/up.go:110.21,115.3 4 0
github.com/maiko/sdbx/cmd/sdbx/cmd/up.go:118.2,146.35 4 0
github.com/maiko/sdbx/cmd/sdbx/cmd/up.go:146.35,148.3 1 0
github.com/maiko/sdbx/cmd/sdbx/cmd/up.go:150.2,150.22 1 0
github.com/maiko/sdbx/cmd/sdbx/cmd/up.go:150.22,156.3 5 0
github.com/maiko/sdbx/cmd/sdbx/cmd/up.go:159.2,170.35 3 0
github.com/maiko/sdbx/cmd/sdbx/cmd/up.go:170.35,172.3 1 0
github.com/maiko/sdbx/cmd/sdbx/cmd/up.go:175.2,176.17 2 0
github.com/maiko/sdbx/cmd/sdbx/cmd/up.go:176.17,179.3 2 0
github.com/maiko/sdbx/cmd/sdbx/cmd/up.go:182.2,182.69 1 0
github.com/maiko/sdbx/cmd/sdbx/cmd/up.go:182.69,184.3 1 0
github.com/maiko/sdbx/cmd/sdbx/cmd/up.go:186.2,188.12 3 0
github.com/maiko/sdbx/cmd/sdbx/cmd/update.go:37.13,41.2 3 1
github.com/maiko/sdbx/cmd/sdbx/cmd/update.go:43.55,46.16 2 0
github.com/maiko/sdbx/cmd/sdbx/cmd/update.go:46.16,48.3 1 0
github.com/maiko/sdbx/cmd/sdbx/cmd/update.go:50.2,58.20 6 0
github.com/maiko/sdbx/cmd/sdbx/cmd/update.go:58.20,59.73 1 0
github.com/maiko/sdbx/cmd/sdbx/cmd/update.go:59.73,61.4 1 0
github.com/maiko/sdbx/cmd/sdbx/cmd/update.go:61.18,63.4 1 0
github.com/maiko/sdbx/cmd/sdbx/cmd/update.go:64.8,66.43 2 0
github.com/maiko/sdbx/cmd/sdbx/cmd/update.go:66.43,68.4 1 0
github.com/maiko/sdbx/cmd/sdbx/cmd/update.go:70.2,74.15 3 0
github.com/maiko/sdbx/cmd/sdbx/cmd/update.go:74.15,75.21 1 0
github.com/maiko/sdbx/cmd/sdbx/cmd/update.go:75.21,76.76 1 0
github.com/maiko/sdbx/cmd/sdbx/cmd/update.go:76.76,77.45 1 0
github.com/maiko/sdbx/cmd/sdbx/cmd/update.go:77.45,79.6 1 0
github.com/maiko/sdbx/cmd/sdbx/cmd/update.go:80.5,80.27 1 0
github.com/maiko/sdbx/cmd/sdbx/cmd/update.go:81.19,83.5 1 0
github.com/maiko/sdbx/cmd/sdbx/cmd/update.go:84.9,86.44 2 0
github.com/maiko/sdbx/cmd/sdbx/cmd/update.go:86.44,88.5 1 0
github.com/maiko/sdbx/cmd/sdbx/cmd/update.go:89.4,89.42 1 0
github.com/maiko/sdbx/cmd/sdbx/cmd/update.go:89.42,91.5 1 0
github.com/maiko/sdbx/cmd/sdbx/cmd/update.go:93.3,93.71 1 0
github.com/maiko/sdbx/cmd/sdbx/cmd/update.go:94.8,99.17 3 0
github.com/maiko/sdbx/cmd/sdbx/cmd/update.go:99.17,101.4 1 0
github.com/maiko/sdbx/cmd/sdbx/cmd/update.go:103.3,103.32 1 0
github.com/maiko/sdbx/cmd/sdbx/cmd/update.go:103.32,106.52 2 0
github.com/maiko/sdbx/cmd/sdbx/cmd/update.go:106.52,109.13 3 0
github.com/maiko/sdbx/cmd/sdbx/cmd/update.go:113.4,113.18 1 0
github.com/maiko/sdbx/cmd/sdbx/cmd/update.go:113.18,115.31 2 0
github.com/maiko/sdbx/cmd/sdbx/cmd/update.go:115.31,117.74 1 0
github.com/maiko/sdbx/cmd/sdbx/cmd/update.go:117.74,119.7 1 0
github.com/maiko/sdbx/cmd/sdbx/cmd/update.go:123.4,123.49 1 0
github.com/maiko/sdbx/cmd/sdbx/cmd/update.go:127.2,132.12 5 0
github.com/maiko/sdbx/cmd/sdbx/cmd/update.go:136.81,139.16 2 0
github.com/maiko/sdbx/cmd/sdbx/cmd/update.go:139.16,141.3 1 0
github.com/maiko/sdbx/cmd/sdbx/cmd/update.go:144.2,145.16 2 0
github.com/maiko/sdbx/cmd/sdbx/cmd/update.go:145.16,147.3 1 0
github.com/maiko/sdbx/cmd/sdbx/cmd/update.go:150.2,151.16 2 0
github.com/maiko/sdbx/cmd/sdbx/cmd/update.go:151.16,153.3 1 0
github.com/maiko/sdbx/cmd/sdbx/cmd/update.go:155.2,155.25 1 0
github.com/maiko/sdbx/cmd/sdbx/cmd/version.go:17.51,21.2 3 1
github.com/maiko/sdbx/cmd/sdbx/cmd/version.go:36.49,45.21 2 1
github.com/maiko/sdbx/cmd/sdbx/cmd/version.go:45.21,47.4 1 1
github.com/maiko/sdbx/cmd/sdbx/cmd/version.go:49.3,54.13 6 1
github.com/maiko/sdbx/cmd/sdbx/cmd/version.go:58.13,60.2 1 1
github.com/maiko/sdbx/cmd/sdbx/cmd/vpn.go:42.13,47.2 3 1
github.com/maiko/sdbx/cmd/sdbx/cmd/vpn.go:49.63,52.16 2 0
github.com/maiko/sdbx/cmd/sdbx/cmd/vpn.go:52.16,54.3 1 0
github.com/maiko/sdbx/cmd/sdbx/cmd/vpn.go:57.2,58.16 2 0
github.com/maiko/sdbx/cmd/sdbx/cmd/vpn.go:58.16,60.3 1 0
github.com/maiko/sdbx/cmd/sdbx/cmd/vpn.go:63.2,63.21 1 0
github.com/maiko/sdbx/cmd/sdbx/cmd/vpn.go:63.21,70.22 3 0
github.com/maiko/sdbx/cmd/sdbx/cmd/vpn.go:70.22,72.4 1 0
github.com/maiko/sdbx/cmd/sdbx/cmd/vpn.go:74.3,74.17 1 0
github.com/maiko/sdbx/cmd/sdbx/cmd/vpn.go:74.17,76.4 1 0
github.com/maiko/sdbx/cmd/sdbx/cmd/vpn.go:77.3,77.24 1 0
github.com/maiko/sdbx/cmd/sdbx/cmd/vpn.go:81.2,81.27 1 0
github.com/maiko/sdbx/cmd/sdbx/cmd/vpn.go:81.27,83.3 1 0
github.com/maiko/sdbx/cmd/sdbx/cmd/vpn.go:86.2,87.48 2 0
github.com/maiko/sdbx/cmd/sdbx/cmd/vpn.go:87.48,90.3 2 0
github.com/maiko/sdbx/cmd/sdbx/cmd/vpn.go:93.2,109.35 2 0
github.com/maiko/sdbx/cmd/sdbx/cmd/vpn.go:109.35,111.3 1 0
github.com/maiko/sdbx/cmd/sdbx/cmd/vpn.go:114.2,115.9 2 0
github.com/maiko/sdbx/cmd/sdbx/cmd/vpn.go:115.9,117.3 1 0
github.com/maiko/sdbx/cmd/sdbx/cmd/vpn.go:120.2,121.25 2 0
github.com/maiko/sdbx/cmd/sdbx/cmd/vpn.go:121.25,123.3 1 0
github.com/maiko/sdbx/cmd/sdbx/cmd/vpn.go:124.2,124.30 1 0
github.com/maiko/sdbx/cmd/sdbx/cmd/vpn.go:124.30,126.3 1 0
github.com/maiko/sdbx/cmd/sdbx/cmd/vpn.go:128.2,138.39 2 0
github.com/maiko/sdbx/cmd/sdbx/cmd/vpn.go:138.39,140.3 1 0
github.com/maiko/sdbx/cmd/sdbx/cmd/vpn.go:143.2,143.32 1 0
github.com/maiko/sdbx/cmd/sdbx/cmd/vpn.go:143.32,145.27 2 0
github.com/maiko/sdbx/cmd/sdbx/cmd/vpn.go:145.27,147.4 1 0
github.com/maiko/sdbx/cmd/sdbx/cmd/vpn.go:151.2,151.61 1 0
github.com/maiko/sdbx/cmd/sdbx/cmd/vpn.go:151.61,153.3 1 0
github.com/maiko/sdbx/cmd/sdbx/cmd/vpn.go:156.2,156.60 1 0
github.com/maiko/sdbx/cmd/sdbx/cmd/vpn.go:156.60,158.3 1 0
github.com/maiko/sdbx/cmd/sdbx/cmd/vpn.go:161.2,162.45 2 0
github.com/maiko/sdbx/cmd/sdbx/cmd/vpn.go:162.45,164.3 1 0
github.com/maiko/sdbx/cmd/sdbx/cmd/vpn.go:166.2,171.12 4 0
github.com/maiko/sdbx/cmd/sdbx/cmd/vpn.go:175.70,178.55 2 0
github.com/maiko/sdbx/cmd/sdbx/cmd/vpn.go:178.55,180.3 1 0
github.com/maiko/sdbx/cmd/sdbx/cmd/vpn.go:183.2,184.16 2 0
github.com/maiko/sdbx/cmd/sdbx/cmd/vpn.go:184.16,186.3 1 0
github.com/maiko/sdbx/cmd/sdbx/cmd/vpn.go:188.2,189.16 2 0
github.com/maiko/sdbx/cmd/sdbx/cmd/vpn.go:189.16,191.3 1 0
github.com/maiko/sdbx/cmd/sdbx/cmd/vpn.go:194.2,196.16 3 0
github.com/maiko/sdbx/cmd/sdbx/cmd/vpn.go:196.16,198.3 1 0
github.com/maiko/sdbx/cmd/sdbx/cmd/vpn.go:199.2,208.46 3 0
github.com/maiko/sdbx/cmd/sdbx/cmd/vpn.go:208.46,210.3 1 0
github.com/maiko/sdbx/cmd/sdbx/cmd/vpn.go:212.2,212.12 1 0
github.com/maiko/sdbx/cmd/sdbx/cmd/vpn.go:218.54,220.17 2 0
github.com/maiko/sdbx/cmd/sdbx/cmd/vpn.go:220.17,222.4 1 0
github.com/maiko/sdbx/cmd/sdbx/cmd/vpn.go:224.3,228.22 4 0
github.com/maiko/sdbx/cmd/sdbx/cmd/vpn.go:228.22,233.4 4 0
github.com/maiko/sdbx/cmd/sdbx/cmd/vpn.go:235.3,237.9 3 0
github.com/maiko/sdbx/cmd/sdbx/cmd/vpn.go:237.9,239.4 1 0
github.com/maiko/sdbx/cmd/sdbx/cmd/vpn.go:241.3,243.27 3 0
github.com/maiko/sdbx/cmd/sdbx/cmd/vpn.go:243.27,245.4 1 0
github.com/maiko/sdbx/cmd/sdbx/cmd/vpn.go:248.3,249.17 2 0
github.com/maiko/sdbx/cmd/sdbx/cmd/vpn.go:249.17,251.46 2 0
github.com/maiko/sdbx/cmd/sdbx/cmd/vpn.go:251.46,253.5 1 0
github.com/maiko/sdbx/cmd/sdbx/cmd/vpn.go:253.10,257.5 3 0
github.com/maiko/sdbx/cmd/sdbx/cmd/vpn.go:260.3,261.13 2 0
github.com/maiko/sdbx/cmd/sdbx/cmd/vpn.go:268.54,269.21 1 0
github.com/maiko/sdbx/cmd/sdbx/cmd/vpn.go:269.21,271.50 2 0
github.com/maiko/sdbx/cmd/sdbx/cmd/vpn.go:271.50,281.5 2 0
github.com/maiko/sdbx/cmd/sdbx/cmd/vpn.go:282.4,282.32 1 0
github.com/maiko/sdbx/cmd/sdbx/cmd/vpn.go:285.3,289.49 4 0
github.com/maiko/sdbx/cmd/sdbx/cmd/vpn.go:289.49,293.20 3 0
github.com/maiko/sdbx/cmd/sdbx/cmd/vpn.go:293.20,295.5 1 0
github.com/maiko/sdbx/cmd/sdbx/cmd/vpn.go:296.4,296.25 1 0
github.com/maiko/sdbx/cmd/sdbx/cmd/vpn.go:296.25,298.5 1 0
github.com/maiko/sdbx/cmd/sdbx/cmd/vpn.go:300.4,301.22 2 0
github.com/maiko/sdbx/cmd/sdbx/cmd/vpn.go:302.29,303.34 1 0
github.com/maiko/sdbx/cmd/sdbx/cmd/vpn.go:304.33,305.31 1 0
github.com/maiko/sdbx/cmd/sdbx/cmd/vpn.go:306.30,307.31 1 0
github.com/maiko/sdbx/cmd/sdbx/cmd/vpn.go:310.4,311.89 2 0
github.com/maiko/sdbx/cmd/sdbx/cmd/vpn.go:314.3,315.13 2 0
github.com/maiko/sdbx/cmd/sdbx/cmd/vpn.go:319.13,322.2 2 1
github.com/maiko/sdbx/internal/secrets/errors.go:10.51,12.2 1 0
github.com/maiko/sdbx/internal/secrets/errors.go:15.44,18.2 2 1
github.com/maiko/sdbx/internal/secrets/errors.go:25.44,27.2 1 0
github.com/maiko/sdbx/internal/secrets/errors.go:30.37,33.2 2 1
github.com/maiko/sdbx/internal/secrets/secrets.go:28.55,30.44 2 1
github.com/maiko/sdbx/internal/secrets/secrets.go:30.44,32.3 1 0
github.com/maiko/sdbx/internal/secrets/secrets.go:33.2,33.63 1 1
github.com/maiko/sdbx/internal/secrets/secrets.go:37.47,39.54 1 1
github.com/maiko/sdbx/internal/secrets/secrets.go:39.54,41.3 1 0
github.com/maiko/sdbx/internal/secrets/secrets.go:43.2,43.44 1 1
github.com/maiko/sdbx/internal/secrets/secrets.go:43.44,47.42 2 1
github.com/maiko/sdbx/internal/secrets/secrets.go:47.42,48.12 1 0
github.com/maiko/sdbx/internal/secrets/secrets.go:52.3,52.18 1 1
github.com/maiko/sdbx/internal/secrets/secrets.go:52.18,54.64 1 1
github.com/maiko/sdbx/internal/secrets/secrets.go:54.64,56.5 1 0
github.com/maiko/sdbx/internal/secrets/secrets.go:57.4,57.12 1 1
github.com/maiko/sdbx/internal/secrets/secrets.go:61.3,62.17 2 1
github.com/maiko/sdbx/internal/secrets/secrets.go:62.17,64.4 1 0
github.com/maiko/sdbx/internal/secrets/secrets.go:66.3,66.67 1 1
github.com/maiko/sdbx/internal/secrets/secrets.go:66.67,68.4 1 0
github.com/maiko/sdbx/internal/secrets/secrets.go:71.2,71.12 1 1
github.com/maiko/sdbx/internal/secrets/secrets.go:75.60,77.9 2 1
github.com/maiko/sdbx/internal/secrets/secrets.go:77.9,79.3 1 0
github.com/maiko/sdbx/internal/secrets/secrets.go:81.2,81.17 1 1
github.com/maiko/sdbx/internal/secrets/secrets.go:81.17,83.3 1 1
github.com/maiko/sdbx/internal/secrets/secrets.go:85.2,88.41 2 1
github.com/maiko/sdbx/internal/secrets/secrets.go:88.41,91.53 2 1
github.com/maiko/sdbx/internal/secrets/secrets.go:91.53,93.4 1 0
github.com/maiko/sdbx/internal/secrets/secrets.go:96.2,97.16 2 1
github.com/maiko/sdbx/internal/secrets/secrets.go:97.16,99.3 1 0
github.com/maiko/sdbx/internal/secrets/secrets.go:101.2,101.66 1 1
github.com/maiko/sdbx/internal/secrets/secrets.go:101.66,103.3 1 0
github.com/maiko/sdbx/internal/secrets/secrets.go:105.2,105.20 1 1
github.com/maiko/sdbx/internal/secrets/secrets.go:111.69,114.44 2 1
github.com/maiko/sdbx/internal/secrets/secrets.go:114.44,116.18 1 1
github.com/maiko/sdbx/internal/secrets/secrets.go:116.18,117.12 1 1
github.com/maiko/sdbx/internal/secrets/secrets.go:120.3,121.17 2 1
github.com/maiko/sdbx/internal/secrets/secrets.go:121.17,123.4 1 0
github.com/maiko/sdbx/internal/secrets/secrets.go:124.3,124.32 1 1
github.com/maiko/sdbx/internal/secrets/secrets.go:127.2,127.21 1 1
github.com/maiko/sdbx/internal/secrets/secrets.go:131.71,133.16 2 1
github.com/maiko/sdbx/internal/secrets/secrets.go:133.16,135.3 1 0
github.com/maiko/sdbx/internal/secrets/secrets.go:137.2,139.32 2 1
github.com/maiko/sdbx/internal/secrets/secrets.go:139.32,140.20 1 1
github.com/maiko/sdbx/internal/secrets/secrets.go:140.20,141.12 1 0
github.com/maiko/sdbx/internal/secrets/secrets.go:145.3,145.49 1 1
github.com/maiko/sdbx/internal/secrets/secrets.go:145.49,147.18 2 1
[...]
github.com/maiko/sdbx/internal/web/middleware/ratelimit.go:79.67,80.71 1 1
github.com/maiko/sdbx/internal/web/middleware/ratelimit.go:80.71,82.30 1 1
github.com/maiko/sdbx/internal/web/middleware/ratelimit.go:82.30,85.4 2 1
github.com/maiko/sdbx/internal/web/middleware/ratelimit.go:87.3,87.105 1 1
github.com/maiko/sdbx/internal/web/middleware/ratelimit.go:87.105,90.4 2 1
github.com/maiko/sdbx/internal/web/middleware/ratelimit.go:92.3,95.23 3 1
github.com/maiko/sdbx/internal/web/middleware/ratelimit.go:95.23,98.4 2 1
github.com/maiko/sdbx/internal/web/middleware/ratelimit.go:100.3,100.23 1 1
github.com/maiko/sdbx/internal/web/middleware/ratelimit.go:105.40,108.16 2 1
github.com/maiko/sdbx/internal/web/middleware/ratelimit.go:108.16,110.3 1 1
github.com/maiko/sdbx/internal/web/middleware/ratelimit.go:111.2,111.11 1 1
github.com/maiko/sdbx/internal/web/middleware/recovery.go:10.47,11.71 1 1
github.com/maiko/sdbx/internal/web/middleware/recovery.go:11.71,12.16 1 1
github.com/maiko/sdbx/internal/web/middleware/recovery.go:12.16,13.36 1 1
github.com/maiko/sdbx/internal/web/middleware/recovery.go:13.36,16.5 2 1
github.com/maiko/sdbx/internal/web/middleware/recovery.go:19.3,19.23 1 1
github.com/maiko/sdbx/internal/web/middleware/security_headers.go:6.54,7.71 1 1
github.com/maiko/sdbx/internal/web/middleware/security_headers.go:7.71,28.3 7 1
github.com/maiko/sdbx/internal/generator/compose.go:24.115,32.2 3 1
github.com/maiko/sdbx/internal/generator/compose.go:88.42,96.53 1 1
github.com/maiko/sdbx/internal/generator/compose.go:96.53,97.31 1 0
github.com/maiko/sdbx/internal/generator/compose.go:97.31,99.5 1 0
github.com/maiko/sdbx/internal/generator/compose.go:100.4,100.14 1 0
github.com/maiko/sdbx/internal/generator/compose.go:113.92,125.42 2 1
github.com/maiko/sdbx/internal/generator/compose.go:125.42,127.24 2 1
github.com/maiko/sdbx/internal/generator/compose.go:127.24,128.12 1 0
github.com/maiko/sdbx/internal/generator/compose.go:131.3,134.44 2 1
github.com/maiko/sdbx/internal/generator/compose.go:134.44,135.12 1 0
github.com/maiko/sdbx/internal/generator/compose.go:139.3,143.38 3 1
github.com/maiko/sdbx/internal/generator/compose.go:143.38,147.4 1 1
github.com/maiko/sdbx/internal/generator/compose.go:151.2,153.21 2 1
github.com/maiko/sdbx/internal/generator/compose.go:157.92,193.33 10 1
github.com/maiko/sdbx/internal/generator/compose.go:193.33,201.3 1 1
github.com/maiko/sdbx/internal/generator/compose.go:204.2,210.37 3 1
github.com/maiko/sdbx/internal/generator/compose.go:210.37,212.3 1 1
github.com/maiko/sdbx/internal/generator/compose.go:214.2,214.12 1 1
github.com/maiko/sdbx/internal/generator/compose.go:218.81,220.30 2 1
github.com/maiko/sdbx/internal/generator/compose.go:220.30,222.3 1 1
github.com/maiko/sdbx/internal/generator/compose.go:223.2,223.12 1 1
github.com/maiko/sdbx/internal/generator/compose.go:227.108,231.48 2 1
github.com/maiko/sdbx/internal/generator/compose.go:231.48,233.56 2 1
github.com/maiko/sdbx/internal/generator/compose.go:233.56,235.65 1 1
github.com/maiko/sdbx/internal/generator/compose.go:235.65,237.5 1 0
github.com/maiko/sdbx/internal/generator/compose.go:239.3,240.57 2 1
github.com/maiko/sdbx/internal/generator/compose.go:244.2,244.53 1 1
github.com/maiko/sdbx/internal/generator/compose.go:244.53,245.35 1 1
github.com/maiko/sdbx/internal/generator/compose.go:245.35,247.57 2 1
github.com/maiko/sdbx/internal/generator/compose.go:247.57,248.66 1 1
github.com/maiko/sdbx/internal/generator/compose.go:248.66,250.6 1 0
github.com/maiko/sdbx/internal/generator/compose.go:252.4,253.58 2 1
github.com/maiko/sdbx/internal/generator/compose.go:257.2,257.12 1 1
github.com/maiko/sdbx/internal/generator/compose.go:261.104,263.37 2 1
github.com/maiko/sdbx/internal/generator/compose.go:263.37,266.17 3 1
github.com/maiko/sdbx/internal/generator/compose.go:266.17,268.4 1 1
github.com/maiko/sdbx/internal/generator/compose.go:269.3,269.35 1 1
github.com/maiko/sdbx/internal/generator/compose.go:271.2,271.16 1 1
github.com/maiko/sdbx/internal/generator/compose.go:275.102,282.47 3 1
github.com/maiko/sdbx/internal/generator/compose.go:282.47,283.35 1 1
github.com/maiko/sdbx/internal/generator/compose.go:283.35,285.4 1 1
github.com/maiko/sdbx/internal/generator/compose.go:288.2,288.14 1 1
github.com/maiko/sdbx/internal/generator/compose.go:292.117,297.44 3 1
github.com/maiko/sdbx/internal/generator/compose.go:297.44,299.3 1 1
github.com/maiko/sdbx/internal/generator/compose.go:299.8,299.83 1 1
github.com/maiko/sdbx/internal/generator/compose.go:299.83,301.50 1 1
github.com/maiko/sdbx/internal/generator/compose.go:301.50,302.52 1 1
github.com/maiko/sdbx/internal/generator/compose.go:302.52,304.19 2 1
github.com/maiko/sdbx/internal/generator/compose.go:304.19,306.6 1 0
github.com/maiko/sdbx/internal/generator/compose.go:307.5,307.38 1 1
github.com/maiko/sdbx/internal/generator/compose.go:310.8,312.3 1 0
github.com/maiko/sdbx/internal/generator/compose.go:314.2,314.30 1 1
github.com/maiko/sdbx/internal/generator/compose.go:318.127,322.53 2 1
github.com/maiko/sdbx/internal/generator/compose.go:322.53,324.3 1 1
github.com/maiko/sdbx/internal/generator/compose.go:327.2,327.56 1 1
github.com/maiko/sdbx/internal/generator/compose.go:327.56,328.37 1 1
github.com/maiko/sdbx/internal/generator/compose.go:328.37,330.23 2 0
github.com/maiko/sdbx/internal/generator/compose.go:330.23,332.5 1 0
github.com/maiko/sdbx/internal/generator/compose.go:333.4,335.5 1 0
github.com/maiko/sdbx/internal/generator/compose.go:339.2,339.20 1 1
github.com/maiko/sdbx/internal/generator/compose.go:339.20,341.3 1 1
github.com/maiko/sdbx/internal/generator/compose.go:342.2,342.13 1 1
github.com/maiko/sdbx/internal/generator/compose.go:346.103,350.79 2 1
github.com/maiko/sdbx/internal/generator/compose.go:350.79,352.3 1 1
github.com/maiko/sdbx/internal/generator/compose.go:355.2,355.25 1 1
github.com/maiko/sdbx/internal/generator/compose.go:355.25,357.3 1 1
github.com/maiko/sdbx/internal/generator/compose.go:359.2,359.15 1 1
github.com/maiko/sdbx/internal/generator/compose.go:363.108,371.96 5 1
github.com/maiko/sdbx/internal/generator/compose.go:371.96,375.3 2 1
github.com/maiko/sdbx/internal/generator/compose.go:375.8,380.3 3 0
github.com/maiko/sdbx/internal/generator/compose.go:381.2,385.30 3 1
github.com/maiko/sdbx/internal/generator/compose.go:386.58,387.21 1 1
github.com/maiko/sdbx/internal/generator/compose.go:388.10,389.27 1 0
github.com/maiko/sdbx/internal/generator/compose.go:391.2,394.53 2 1
github.com/maiko/sdbx/internal/generator/compose.go:394.53,396.3 1 0
github.com/maiko/sdbx/internal/generator/compose.go:399.2,402.92 2 1
github.com/maiko/sdbx/internal/generator/compose.go:402.92,403.56 1 0
github.com/maiko/sdbx/internal/generator/compose.go:403.56,405.4 1 0
github.com/maiko/sdbx/internal/generator/compose.go:409.2,409.59 1 1
github.com/maiko/sdbx/internal/generator/compose.go:409.59,411.3 1 1
github.com/maiko/sdbx/internal/generator/compose.go:413.2,413.26 1 1
github.com/maiko/sdbx/internal/generator/compose.go:413.26,415.3 1 1
github.com/maiko/sdbx/internal/generator/compose.go:418.2,421.41 2 1
github.com/maiko/sdbx/internal/generator/compose.go:421.41,423.3 1 0
github.com/maiko/sdbx/internal/generator/compose.go:425.2,425.15 1 1
github.com/maiko/sdbx/internal/generator/compose.go:431.82,433.53 1 1
github.com/maiko/sdbx/internal/generator/compose.go:433.53,435.57 1 1
github.com/maiko/sdbx/internal/generator/compose.go:435.57,440.15 3 1
github.com/maiko/sdbx/internal/generator/compose.go:440.15,442.13 1 1
github.com/maiko/sdbx/internal/generator/compose.go:446.4,446.31 1 1
github.com/maiko/sdbx/internal/generator/compose.go:446.31,447.34 1 1
github.com/maiko/sdbx/internal/generator/compose.go:447.34,449.6 1 0
github.com/maiko/sdbx/internal/generator/compose.go:452.5,452.42 1 1
github.com/maiko/sdbx/internal/generator/compose.go:452.42,453.46 1 1
github.com/maiko/sdbx/internal/generator/compose.go:453.46,455.7 1 1
github.com/maiko/sdbx/internal/generator/compose.go:457.5,463.38 4 1
github.com/maiko/sdbx/internal/generator/compose.go:463.38,464.47 1 1
github.com/maiko/sdbx/internal/generator/compose.go:464.47,466.7 1 1
github.com/maiko/sdbx/internal/generator/compose.go:468.5,469.40 2 1
github.com/maiko/sdbx/internal/generator/compose.go:476.78,478.2 1 1
github.com/maiko/sdbx/internal/generator/compose.go:481.82,482.35 1 1
github.com/maiko/sdbx/internal/generator/compose.go:482.35,484.3 1 1
github.com/maiko/sdbx/internal/generator/compose.go:486.2,487.16 2 1
github.com/maiko/sdbx/internal/generator/compose.go:487.16,489.3 1 0
github.com/maiko/sdbx/internal/generator/compose.go:491.2,492.45 2 1
github.com/maiko/sdbx/internal/generator/compose.go:492.45,494.3 1 0
github.com/maiko/sdbx/internal/generator/compose.go:496.2,496.21 1 1
github.com/maiko/sdbx/internal/generator/compose.go:500.86,501.21 1 1
github.com/maiko/sdbx/internal/generator/compose.go:501.21,503.3 1 0
github.com/maiko/sdbx/internal/generator/compose.go:505.2,506.25 2 1
github.com/maiko/sdbx/internal/generator/compose.go:510.48,514.42 4 1
github.com/maiko/sdbx/internal/generator/compose.go:514.42,516.3 1 0
github.com/maiko/sdbx/internal/generator/compose.go:517.2,517.25 1 1
github.com/maiko/sdbx/internal/generator/generator.go:29.68,32.16 2 1
github.com/maiko/sdbx/internal/generator/generator.go:32.16,36.3 2 0
github.com/maiko/sdbx/internal/generator/generator.go:37.2,41.3 1 1
github.com/maiko/sdbx/internal/generator/generator.go:45.104,51.2 1 0
github.com/maiko/sdbx/internal/generator/generator.go:60.38,77.58 2 1
github.com/maiko/sdbx/internal/generator/generator.go:77.58,79.3 1 1
github.com/maiko/sdbx/internal/generator/generator.go:81.2,81.31 1 1
github.com/maiko/sdbx/internal/generator/generator.go:81.31,83.50 2 1
github.com/maiko/sdbx/internal/generator/generator.go:83.50,85.4 1 0
github.com/maiko/sdbx/internal/generator/generator.go:89.2,90.60 2 1
github.com/maiko/sdbx/internal/generator/generator.go:90.60,92.3 1 0
github.com/maiko/sdbx/internal/generator/generator.go:95.2,95.42 1 1
github.com/maiko/sdbx/internal/generator/generator.go:95.42,97.95 2 0
github.com/maiko/sdbx/internal/generator/generator.go:97.95,99.4 1 0
github.com/maiko/sdbx/internal/generator/generator.go:105.2,106.44 2 1
github.com/maiko/sdbx/internal/generator/generator.go:106.44,108.17 2 1
github.com/maiko/sdbx/internal/generator/generator.go:108.17,110.4 1 1
github.com/maiko/sdbx/internal/generator/generator.go:113.2,119.53 2 1
github.com/maiko/sdbx/internal/generator/generator.go:119.53,121.3 1 0
github.com/maiko/sdbx/internal/generator/generator.go:123.2,123.12 1 1
github.com/maiko/sdbx/internal/generator/generator.go:127.67,131.23 2 1
github.com/maiko/sdbx/internal/generator/generator.go:131.23,134.17 3 0
github.com/maiko/sdbx/internal/generator/generator.go:134.17,136.4 1 0
github.com/maiko/sdbx/internal/generator/generator.go:140.2,141.16 2 1
github.com/maiko/sdbx/internal/generator/generator.go:141.16,143.3 1 0
github.com/maiko/sdbx/internal/generator/generator.go:146.2,146.35 1 1
github.com/maiko/sdbx/internal/generator/generator.go:146.35,148.55 2 1
github.com/maiko/sdbx/internal/generator/generator.go:148.55,150.4 1 0
github.com/maiko/sdbx/internal/generator/generator.go:154.2,156.16 3 1
github.com/maiko/sdbx/internal/generator/generator.go:156.16,158.3 1 0
github.com/maiko/sdbx/internal/generator/generator.go:160.2,161.16 2 1
github.com/maiko/sdbx/internal/generator/generator.go:161.16,163.3 1 0
github.com/maiko/sdbx/internal/generator/generator.go:165.2,166.70 2 1
github.com/maiko/sdbx/internal/generator/generator.go:166.70,168.3 1 0
github.com/maiko/sdbx/internal/generator/generator.go:171.2,175.16 3 1
github.com/maiko/sdbx/internal/generator/generator.go:175.16,177.3 1 0
github.com/maiko/sdbx/internal/generator/generator.go:178.2,178.124 1 1
github.com/maiko/sdbx/internal/generator/generator.go:178.124,180.3 1 0
github.com/maiko/sdbx/internal/generator/generator.go:183.2,184.16 2 1
github.com/maiko/sdbx/internal/generator/generator.go:184.16,186.3 1 0
github.com/maiko/sdbx/internal/generator/generator.go:187.2,187.131 1 1
github.com/maiko/sdbx/internal/generator/generator.go:187.131,189.3 1 0
github.com/maiko/sdbx/internal/generator/generator.go:192.2,192.58 1 1
github.com/maiko/sdbx/internal/generator/generator.go:192.58,194.17 2 1
github.com/maiko/sdbx/internal/generator/generator.go:194.17,196.4 1 0
github.com/maiko/sdbx/internal/generator/generator.go:197.3,197.126 1 1
github.com/maiko/sdbx/internal/generator/generator.go:197.126,199.4 1 0
github.com/maiko/sdbx/internal/generator/generator.go:203.2,204.16 2 1
github.com/maiko/sdbx/internal/generator/generator.go:204.16,206.3 1 0
github.com/maiko/sdbx/internal/generator/generator.go:207.2,207.92 1 1
github.com/maiko/sdbx/internal/generator/generator.go:207.92,209.3 1 0
github.com/maiko/sdbx/internal/generator/generator.go:212.2,228.32 2 1
github.com/maiko/sdbx/internal/generator/generator.go:228.32,229.68 1 1
github.com/maiko/sdbx/internal/generator/generator.go:229.68,231.4 1 0
github.com/maiko/sdbx/internal/generator/generator.go:234.2,234.12 1 1
github.com/maiko/sdbx/internal/generator/generator.go:238.92,241.16 2 1
github.com/maiko/sdbx/internal/generator/generator.go:241.16,243.3 1 0
github.com/maiko/sdbx/internal/generator/generator.go:246.2,247.16 2 1
github.com/maiko/sdbx/internal/generator/generator.go:247.16,249.3 1 0
github.com/maiko/sdbx/internal/generator/generator.go:252.2,254.16 3 1
github.com/maiko/sdbx/internal/generator/generator.go:254.16,256.3 1 0
github.com/maiko/sdbx/internal/generator/generator.go:257.2,260.46 2 1
github.com/maiko/sdbx/internal/generator/generator.go:260.46,262.3 1 0
github.com/maiko/sdbx/internal/generator/generator.go:264.2,264.12 1 1
github.com/maiko/sdbx/internal/generator/generator.go:268.44,277.27 2 1
github.com/maiko/sdbx/internal/generator/generator.go:277.27,279.49 1 1
github.com/maiko/sdbx/internal/generator/generator.go:279.49,281.4 1 0
github.com/maiko/sdbx/internal/generator/generator.go:284.3,284.46 1 1
github.com/maiko/sdbx/internal/generator/generator.go:284.46,286.4 1 0
github.com/maiko/sdbx/internal/generator/generator.go:289.3,289.69 1 1
github.com/maiko/sdbx/internal/generator/generator.go:289.69,294.4 2 0
github.com/maiko/sdbx/internal/generator/generator.go:297.2,297.12 1 1
github.com/maiko/sdbx/internal/generator/integrations.go:20.101,25.2 1 1
github.com/maiko/sdbx/internal/generator/integrations.go:48.107,52.42 2 1
github.com/maiko/sdbx/internal/generator/integrations.go:52.42,54.24 2 1
github.com/maiko/sdbx/internal/generator/integrations.go:54.24,55.12 1 1
github.com/maiko/sdbx/internal/generator/integrations.go:58.3,61.77 2 1
github.com/maiko/sdbx/internal/generator/integrations.go:61.77,62.12 1 1
github.com/maiko/sdbx/internal/generator/integrations.go:66.3,66.44 1 1
github.com/maiko/sdbx/internal/generator/integrations.go:66.44,67.12 1 0
github.com/maiko/sdbx/internal/generator/integrations.go:70.3,72.22 3 1
github.com/maiko/sdbx/internal/generator/integrations.go:72.22,74.4 1 0
github.com/maiko/sdbx/internal/generator/integrations.go:76.3,86.53 3 1
github.com/maiko/sdbx/internal/generator/integrations.go:91.2,96.39 3 1
github.com/maiko/sdbx/internal/generator/integrations.go:96.39,98.32 2 1
github.com/maiko/sdbx/internal/generator/integrations.go:98.32,99.12 1 1
github.com/maiko/sdbx/internal/generator/integrations.go:102.3,103.32 2 1
github.com/maiko/sdbx/internal/generator/integrations.go:103.32,113.4 2 1
github.com/maiko/sdbx/internal/generator/integrations.go:115.3,117.5 1 1
github.com/maiko/sdbx/internal/generator/integrations.go:120.2,120.29 1 1
github.com/maiko/sdbx/internal/generator/integrations.go:135.108,144.42 3 1
github.com/maiko/sdbx/internal/generator/integrations.go:144.42,146.24 2 1
github.com/maiko/sdbx/internal/generator/integrations.go:146.24,147.12 1 0
github.com/maiko/sdbx/internal/generator/integrations.go:150.3,153.83 2 1
github.com/maiko/sdbx/internal/generator/integrations.go:153.83,154.12 1 1
github.com/maiko/sdbx/internal/generator/integrations.go:158.3,158.44 1 1
github.com/maiko/sdbx/internal/generator/integrations.go:158.44,159.12 1 0
github.com/maiko/sdbx/internal/generator/integrations.go:163.3,163.27 1 1
github.com/maiko/sdbx/internal/generator/integrations.go:163.27,164.12 1 0
github.com/maiko/sdbx/internal/generator/integrations.go:168.3,169.97 2 1
github.com/maiko/sdbx/internal/generator/integrations.go:169.97,171.4 1 1
github.com/maiko/sdbx/internal/generator/integrations.go:171.9,173.4 1 1
github.com/maiko/sdbx/internal/generator/integrations.go:176.3,176.30 1 1
github.com/maiko/sdbx/internal/generator/integrations.go:176.30,177.12 1 1
github.com/maiko/sdbx/internal/generator/integrations.go:179.3,184.5 2 1
github.com/maiko/sdbx/internal/generator/integrations.go:188.2,192.26 2 1
github.com/maiko/sdbx/internal/generator/integrations.go:224.105,233.61 3 1
github.com/maiko/sdbx/internal/generator/integrations.go:233.61,236.3 1 1
github.com/maiko/sdbx/internal/generator/integrations.go:236.8,239.3 1 1
github.com/maiko/sdbx/internal/generator/integrations.go:241.2,255.61 2 1
github.com/maiko/sdbx/internal/generator/integrations.go:255.61,256.43 1 1
github.com/maiko/sdbx/internal/generator/integrations.go:256.43,258.25 2 1
github.com/maiko/sdbx/internal/generator/integrations.go:258.25,259.13 1 0
github.com/maiko/sdbx/internal/generator/integrations.go:262.4,265.58 2 1
github.com/maiko/sdbx/internal/generator/integrations.go:265.58,266.13 1 1
github.com/maiko/sdbx/internal/generator/integrations.go:269.4,269.57 1 1
github.com/maiko/sdbx/internal/generator/integrations.go:269.57,270.13 1 0
github.com/maiko/sdbx/internal/generator/integrations.go:274.4,274.45 1 1
github.com/maiko/sdbx/internal/generator/integrations.go:274.45,275.13 1 0
github.com/maiko/sdbx/internal/generator/integrations.go:278.4,283.5 2 1
github.com/maiko/sdbx/internal/generator/integrations.go:287.2,287.26 1 1
github.com/maiko/sdbx/internal/generator/integrations.go:297.124,300.42 2 1
github.com/maiko/sdbx/internal/generator/integrations.go:300.42,302.24 2 1
github.com/maiko/sdbx/internal/generator/integrations.go:302.24,303.12 1 0
github.com/maiko/sdbx/internal/generator/integrations.go:306.3,309.27 2 1
github.com/maiko/sdbx/internal/generator/integrations.go:309.27,310.12 1 0
github.com/maiko/sdbx/internal/generator/integrations.go:314.3,314.44 1 1
github.com/maiko/sdbx/internal/generator/integrations.go:314.44,315.12 1 0
github.com/maiko/sdbx/internal/generator/integrations.go:319.3,320.97 2 1
github.com/maiko/sdbx/internal/generator/integrations.go:320.97,322.4 1 1
github.com/maiko/sdbx/internal/generator/integrations.go:322.9,324.4 1 1
github.com/maiko/sdbx/internal/generator/integrations.go:327.3,328.30 2 1
github.com/maiko/sdbx/internal/generator/integrations.go:328.30,330.4 1 1
github.com/maiko/sdbx/internal/generator/integrations.go:332.3,335.5 1 1
github.com/maiko/sdbx/internal/generator/integrations.go:338.2,338.19 1 1
github.com/maiko/sdbx/internal/generator/integrations.go:342.87,344.50 2 1
github.com/maiko/sdbx/internal/generator/integrations.go:344.50,346.3 1 1
github.com/maiko/sdbx/internal/generator/integrations.go:346.8,348.3 1 1
github.com/maiko/sdbx/internal/generator/integrations.go:350.2,350.96 1 1
github.com/maiko/sdbx/internal/generator/integrations.go:350.96,352.3 1 1
github.com/maiko/sdbx/internal/generator/integrations.go:354.2,354.108 1 1
github.com/maiko/sdbx/internal/generator/integrations.go:358.83,360.2 1 1
github.com/maiko/sdbx/internal/generator/integrations.go:363.98,390.25 18 1
github.com/maiko/sdbx/internal/generator/integrations.go:390.25,394.3 3 1
github.com/maiko/sdbx/internal/generator/integrations.go:397.2,397.53 1 1
github.com/maiko/sdbx/internal/generator/integrations.go:397.53,400.3 2 1
github.com/maiko/sdbx/internal/generator/integrations.go:403.2,409.30 5 1
github.com/maiko/sdbx/internal/generator/integrations.go:409.30,411.3 1 1
github.com/maiko/sdbx/internal/generator/integrations.go:413.2,413.54 1 1
