mode: set
github.com/maiko/sdbx/internal/secrets/errors.go:10.51,12.2 1 0
github.com/maiko/sdbx/internal/secrets/errors.go:15.44,18.2 2 1
github.com/maiko/sdbx/internal/secrets/errors.go:25.44,27.2 1 0
github.com/maiko/sdbx/internal/secrets/errors.go:30.37,33.2 2 1
github.com/maiko/sdbx/internal/secrets/rotation.go:13.70,15.9 2 1
github.com/maiko/sdbx/internal/secrets/rotation.go:15.9,17.3 1 0
github.com/maiko/sdbx/internal/secrets/rotation.go:19.2,19.17 1 1
github.com/maiko/sdbx/internal/secrets/rotation.go:19.17,21.3 1 0
github.com/maiko/sdbx/internal/secrets/rotation.go:23.2,26.41 2 1
github.com/maiko/sdbx/internal/secrets/rotation.go:26.41,28.53 2 1
github.com/maiko/sdbx/internal/secrets/rotation.go:28.53,30.4 1 0
github.com/maiko/sdbx/internal/secrets/rotation.go:34.2,35.16 2 1
github.com/maiko/sdbx/internal/secrets/rotation.go:35.16,37.3 1 0
github.com/maiko/sdbx/internal/secrets/rotation.go:40.2,40.65 1 1
github.com/maiko/sdbx/internal/secrets/rotation.go:40.65,42.3 1 0
github.com/maiko/sdbx/internal/secrets/rotation.go:44.2,44.20 1 1
github.com/maiko/sdbx/internal/secrets/rotation.go:50.69,53.44 2 1
github.com/maiko/sdbx/internal/secrets/rotation.go:53.44,55.18 1 1
github.com/maiko/sdbx/internal/secrets/rotation.go:55.18,56.12 1 1
github.com/maiko/sdbx/internal/secrets/rotation.go:59.3,60.17 2 1
github.com/maiko/sdbx/internal/secrets/rotation.go:60.17,62.4 1 0
github.com/maiko/sdbx/internal/secrets/rotation.go:63.3,63.32 1 1
github.com/maiko/sdbx/internal/secrets/rotation.go:66.2,66.21 1 1
github.com/maiko/sdbx/internal/secrets/rotation.go:70.71,72.16 2 1
github.com/maiko/sdbx/internal/secrets/rotation.go:72.16,74.3 1 0
github.com/maiko/sdbx/internal/secrets/rotation.go:76.2,78.32 2 1
github.com/maiko/sdbx/internal/secrets/rotation.go:78.32,79.20 1 1
github.com/maiko/sdbx/internal/secrets/rotation.go:79.20,80.12 1 0
github.com/maiko/sdbx/internal/secrets/rotation.go:84.3,84.49 1 1
github.com/maiko/sdbx/internal/secrets/rotation.go:84.49,86.18 2 1
github.com/maiko/sdbx/internal/secrets/rotation.go:86.18,87.13 1 0
github.com/maiko/sdbx/internal/secrets/rotation.go:90.4,90.37 1 1
github.com/maiko/sdbx/internal/secrets/rotation.go:90.37,92.47 2 1
github.com/maiko/sdbx/internal/secrets/rotation.go:92.47,94.6 1 0
github.com/maiko/sdbx/internal/secrets/rotation.go:99.2,99.12 1 1
github.com/maiko/sdbx/internal/secrets/secrets.go:27.55,29.44 2 1
github.com/maiko/sdbx/internal/secrets/secrets.go:29.44,31.3 1 0
github.com/maiko/sdbx/internal/secrets/secrets.go:32.2,32.63 1 1
github.com/maiko/sdbx/internal/secrets/secrets.go:36.47,38.54 1 1
github.com/maiko/sdbx/internal/secrets/secrets.go:38.54,40.3 1 0
github.com/maiko/sdbx/internal/secrets/secrets.go:42.2,42.44 1 1
github.com/maiko/sdbx/internal/secrets/secrets.go:42.44,46.42 2 1
github.com/maiko/sdbx/internal/secrets/secrets.go:46.42,47.12 1 0
github.com/maiko/sdbx/internal/secrets/secrets.go:51.3,51.18 1 1
github.com/maiko/sdbx/internal/secrets/secrets.go:51.18,53.63 1 1
github.com/maiko/sdbx/internal/secrets/secrets.go:53.63,55.5 1 0
github.com/maiko/sdbx/internal/secrets/secrets.go:56.4,56.12 1 1
github.com/maiko/sdbx/internal/secrets/secrets.go:60.3,61.17 2 1
github.com/maiko/sdbx/internal/secrets/secrets.go:61.17,63.4 1 0
github.com/maiko/sdbx/internal/secrets/secrets.go:65.3,65.66 1 1
github.com/maiko/sdbx/internal/secrets/secrets.go:65.66,67.4 1 0
github.com/maiko/sdbx/internal/secrets/secrets.go:70.2,70.12 1 1
github.com/maiko/sdbx/internal/secrets/secrets.go:74.60,76.9 2 1
github.com/maiko/sdbx/internal/secrets/secrets.go:76.9,78.3 1 0
github.com/maiko/sdbx/internal/secrets/secrets.go:80.2,80.17 1 1
github.com/maiko/sdbx/internal/secrets/secrets.go:80.17,82.3 1 1
github.com/maiko/sdbx/internal/secrets/secrets.go:84.2,87.41 2 1
github.com/maiko/sdbx/internal/secrets/secrets.go:87.41,90.53 2 1
github.com/maiko/sdbx/internal/secrets/secrets.go:90.53,92.4 1 0
github.com/maiko/sdbx/internal/secrets/secrets.go:95.2,96.16 2 1
github.com/maiko/sdbx/internal/secrets/secrets.go:96.16,98.3 1 0
github.com/maiko/sdbx/internal/secrets/secrets.go:100.2,100.65 1 1
github.com/maiko/sdbx/internal/secrets/secrets.go:100.65,102.3 1 0
github.com/maiko/sdbx/internal/secrets/secrets.go:104.2,104.20 1 1
github.com/maiko/sdbx/internal/secrets/secrets.go:109.58,112.16 3 1
github.com/maiko/sdbx/internal/secrets/secrets.go:112.16,114.3 1 0
github.com/maiko/sdbx/internal/secrets/secrets.go:117.2,120.18 2 1
github.com/maiko/sdbx/internal/secrets/secrets.go:120.18,122.3 1 1
github.com/maiko/sdbx/internal/secrets/secrets.go:124.2,124.20 1 1
github.com/maiko/sdbx/internal/secrets/secrets.go:128.62,131.36 2 1
github.com/maiko/sdbx/internal/secrets/secrets.go:131.36,134.17 3 1
github.com/maiko/sdbx/internal/secrets/secrets.go:134.17,136.12 2 0
github.com/maiko/sdbx/internal/secrets/secrets.go:139.3,139.37 1 1
github.com/maiko/sdbx/internal/secrets/secrets.go:142.2,142.20 1 1
